{"/Users/hans/dev/n8n-nodes-onoffice-pro/credentials/OnOfficeApi.credentials.ts": {"path":"/Users/hans/dev/n8n-nodes-onoffice-pro/credentials/OnOfficeApi.credentials.ts","statementMap":{"0":{"start":{"line":4,"column":1},"end":{"line":4,"column":22}},"1":{"start":{"line":6,"column":1},"end":{"line":6,"column":30}},"2":{"start":{"line":8,"column":1},"end":{"line":8,"column":50}},"3":{"start":{"line":10,"column":1},"end":{"line":29,"column":3}},"4":{"start":{"line":3,"column":0},"end":{"line":3,"column":13}}},"fnMap":{"0":{"name":"(anonymous_0)","decl":{"start":{"line":3,"column":0},"end":{"line":3,"column":13}},"loc":{"start":{"line":3,"column":0},"end":{"line":30,"column":1}}}},"branchMap":{},"s":{"0":0,"1":0,"2":0,"3":0,"4":0},"f":{"0":0},"b":{}}
,"/Users/hans/dev/n8n-nodes-onoffice-pro/nodes/OnOffice/OnOffice.node.ts": {"path":"/Users/hans/dev/n8n-nodes-onoffice-pro/nodes/OnOffice/OnOffice.node.ts","statementMap":{"0":{"start":{"line":9,"column":0},"end":{"line":9,"column":40}},"1":{"start":{"line":11,"column":0},"end":{"line":11,"column":45}},"2":{"start":{"line":12,"column":0},"end":{"line":12,"column":49}},"3":{"start":{"line":13,"column":0},"end":{"line":13,"column":55}},"4":{"start":{"line":14,"column":0},"end":{"line":14,"column":41}},"5":{"start":{"line":15,"column":0},"end":{"line":15,"column":43}},"6":{"start":{"line":16,"column":0},"end":{"line":16,"column":47}},"7":{"start":{"line":19,"column":2},"end":{"line":87,"column":4}},"8":{"start":{"line":89,"column":4},"end":{"line":89,"column":35}},"9":{"start":{"line":18,"column":0},"end":{"line":18,"column":13}}},"fnMap":{"0":{"name":"(anonymous_9)","decl":{"start":{"line":18,"column":0},"end":{"line":18,"column":13}},"loc":{"start":{"line":18,"column":0},"end":{"line":91,"column":1}}},"1":{"name":"(anonymous_10)","decl":{"start":{"line":88,"column":2},"end":{"line":88,"column":7}},"loc":{"start":{"line":88,"column":15},"end":{"line":90,"column":3}}}},"branchMap":{},"s":{"0":0,"1":0,"2":0,"3":0,"4":0,"5":0,"6":0,"7":0,"8":0,"9":0},"f":{"0":0,"1":0},"b":{}}
,"/Users/hans/dev/n8n-nodes-onoffice-pro/nodes/OnOffice/actions/address/index.ts": {"path":"/Users/hans/dev/n8n-nodes-onoffice-pro/nodes/OnOffice/actions/address/index.ts","statementMap":{"0":{"start":{"line":3,"column":0},"end":{"line":3,"column":31}},"1":{"start":{"line":6,"column":17},"end":{"line":6,"column":21}},"2":{"start":{"line":4,"column":0},"end":{"line":4,"column":35}},"3":{"start":{"line":6,"column":9},"end":{"line":6,"column":15}},"4":{"start":{"line":8,"column":13},"end":{"line":37,"column":2}}},"fnMap":{},"branchMap":{},"s":{"0":0,"1":0,"2":0,"3":0,"4":0},"f":{},"b":{}}
,"/Users/hans/dev/n8n-nodes-onoffice-pro/nodes/OnOffice/actions/address/create/description.ts": {"path":"/Users/hans/dev/n8n-nodes-onoffice-pro/nodes/OnOffice/actions/address/create/description.ts","statementMap":{"0":{"start":{"line":3,"column":13},"end":{"line":261,"column":2}}},"fnMap":{},"branchMap":{},"s":{"0":0},"f":{},"b":{}}
,"/Users/hans/dev/n8n-nodes-onoffice-pro/nodes/OnOffice/actions/address/create/execute.ts": {"path":"/Users/hans/dev/n8n-nodes-onoffice-pro/nodes/OnOffice/actions/address/create/execute.ts","statementMap":{"0":{"start":{"line":16,"column":0},"end":{"line":16,"column":7}},"1":{"start":{"line":2,"column":0},"end":{"line":2,"column":55}},"2":{"start":{"line":3,"column":0},"end":{"line":3,"column":null}},"3":{"start":{"line":7,"column":0},"end":{"line":7,"column":68}},"4":{"start":{"line":9,"column":0},"end":{"line":9,"column":null}},"5":{"start":{"line":14,"column":0},"end":{"line":14,"column":69}},"6":{"start":{"line":20,"column":2},"end":{"line":69,"column":3}},"7":{"start":{"line":21,"column":40},"end":{"line":24,"column":6}},"8":{"start":{"line":26,"column":26},"end":{"line":30,"column":null}},"9":{"start":{"line":32,"column":4},"end":{"line":34,"column":5}},"10":{"start":{"line":33,"column":6},"end":{"line":33,"column":64}},"11":{"start":{"line":36,"column":28},"end":{"line":40,"column":null}},"12":{"start":{"line":42,"column":4},"end":{"line":44,"column":5}},"13":{"start":{"line":43,"column":6},"end":{"line":43,"column":40}},"14":{"start":{"line":46,"column":29},"end":{"line":50,"column":null}},"15":{"start":{"line":53,"column":4},"end":{"line":53,"column":63}},"16":{"start":{"line":55,"column":21},"end":{"line":59,"column":6}},"17":{"start":{"line":61,"column":25},"end":{"line":61,"column":54}},"18":{"start":{"line":62,"column":4},"end":{"line":62,"column":54}},"19":{"start":{"line":64,"column":4},"end":{"line":68,"column":7}}},"fnMap":{"0":{"name":"createAddress","decl":{"start":{"line":16,"column":22},"end":{"line":16,"column":35}},"loc":{"start":{"line":18,"column":19},"end":{"line":70,"column":1}}}},"branchMap":{"0":{"loc":{"start":{"line":32,"column":4},"end":{"line":34,"column":5}},"type":"if","locations":[{"start":{"line":32,"column":4},"end":{"line":34,"column":5}},{"start":{},"end":{}}]},"1":{"loc":{"start":{"line":42,"column":4},"end":{"line":44,"column":5}},"type":"if","locations":[{"start":{"line":42,"column":4},"end":{"line":44,"column":5}},{"start":{},"end":{}}]}},"s":{"0":0,"1":0,"2":0,"3":0,"4":0,"5":0,"6":0,"7":0,"8":0,"9":0,"10":0,"11":0,"12":0,"13":0,"14":0,"15":0,"16":0,"17":0,"18":0,"19":0},"f":{"0":0},"b":{"0":[0,0],"1":[0,0]}}
,"/Users/hans/dev/n8n-nodes-onoffice-pro/nodes/OnOffice/actions/address/create/index.ts": {"path":"/Users/hans/dev/n8n-nodes-onoffice-pro/nodes/OnOffice/actions/address/create/index.ts","statementMap":{"0":{"start":{"line":1,"column":0},"end":{"line":1,"column":26}},"1":{"start":{"line":4,"column":22},"end":{"line":1,"column":53}},"2":{"start":{"line":2,"column":0},"end":{"line":2,"column":37}},"3":{"start":{"line":4,"column":9},"end":{"line":2,"column":72}}},"fnMap":{"0":{"name":"(anonymous_0)","decl":{"start":{"line":4,"column":22},"end":{"line":4,"column":29}},"loc":{"start":{"line":4,"column":22},"end":{"line":1,"column":53}}},"1":{"name":"(anonymous_1)","decl":{"start":{"line":4,"column":9},"end":{"line":4,"column":20}},"loc":{"start":{"line":4,"column":9},"end":{"line":2,"column":72}}}},"branchMap":{},"s":{"0":0,"1":0,"2":0,"3":0},"f":{"0":0,"1":0},"b":{}}
,"/Users/hans/dev/n8n-nodes-onoffice-pro/nodes/OnOffice/actions/address/read/description.ts": {"path":"/Users/hans/dev/n8n-nodes-onoffice-pro/nodes/OnOffice/actions/address/read/description.ts","statementMap":{"0":{"start":{"line":3,"column":13},"end":{"line":165,"column":2}}},"fnMap":{},"branchMap":{},"s":{"0":0},"f":{},"b":{}}
,"/Users/hans/dev/n8n-nodes-onoffice-pro/nodes/OnOffice/actions/address/read/execute.ts": {"path":"/Users/hans/dev/n8n-nodes-onoffice-pro/nodes/OnOffice/actions/address/read/execute.ts","statementMap":{"0":{"start":{"line":16,"column":0},"end":{"line":16,"column":7}},"1":{"start":{"line":2,"column":0},"end":{"line":2,"column":55}},"2":{"start":{"line":3,"column":0},"end":{"line":3,"column":null}},"3":{"start":{"line":7,"column":0},"end":{"line":7,"column":68}},"4":{"start":{"line":9,"column":0},"end":{"line":9,"column":null}},"5":{"start":{"line":14,"column":0},"end":{"line":14,"column":69}},"6":{"start":{"line":20,"column":2},"end":{"line":69,"column":3}},"7":{"start":{"line":21,"column":40},"end":{"line":24,"column":6}},"8":{"start":{"line":26,"column":26},"end":{"line":30,"column":null}},"9":{"start":{"line":32,"column":4},"end":{"line":34,"column":5}},"10":{"start":{"line":33,"column":6},"end":{"line":33,"column":64}},"11":{"start":{"line":36,"column":28},"end":{"line":40,"column":null}},"12":{"start":{"line":42,"column":4},"end":{"line":44,"column":5}},"13":{"start":{"line":43,"column":6},"end":{"line":43,"column":40}},"14":{"start":{"line":46,"column":29},"end":{"line":50,"column":null}},"15":{"start":{"line":53,"column":4},"end":{"line":53,"column":63}},"16":{"start":{"line":55,"column":21},"end":{"line":59,"column":6}},"17":{"start":{"line":61,"column":25},"end":{"line":61,"column":54}},"18":{"start":{"line":62,"column":4},"end":{"line":62,"column":54}},"19":{"start":{"line":64,"column":4},"end":{"line":68,"column":7}}},"fnMap":{"0":{"name":"readAddress","decl":{"start":{"line":16,"column":22},"end":{"line":16,"column":33}},"loc":{"start":{"line":18,"column":19},"end":{"line":70,"column":1}}}},"branchMap":{"0":{"loc":{"start":{"line":32,"column":4},"end":{"line":34,"column":5}},"type":"if","locations":[{"start":{"line":32,"column":4},"end":{"line":34,"column":5}},{"start":{},"end":{}}]},"1":{"loc":{"start":{"line":42,"column":4},"end":{"line":44,"column":5}},"type":"if","locations":[{"start":{"line":42,"column":4},"end":{"line":44,"column":5}},{"start":{},"end":{}}]}},"s":{"0":0,"1":0,"2":0,"3":0,"4":0,"5":0,"6":0,"7":0,"8":0,"9":0,"10":0,"11":0,"12":0,"13":0,"14":0,"15":0,"16":0,"17":0,"18":0,"19":0},"f":{"0":0},"b":{"0":[0,0],"1":[0,0]}}
,"/Users/hans/dev/n8n-nodes-onoffice-pro/nodes/OnOffice/actions/address/read/index.ts": {"path":"/Users/hans/dev/n8n-nodes-onoffice-pro/nodes/OnOffice/actions/address/read/index.ts","statementMap":{"0":{"start":{"line":1,"column":0},"end":{"line":1,"column":24}},"1":{"start":{"line":4,"column":22},"end":{"line":1,"column":51}},"2":{"start":{"line":2,"column":0},"end":{"line":2,"column":35}},"3":{"start":{"line":4,"column":9},"end":{"line":2,"column":70}}},"fnMap":{"0":{"name":"(anonymous_0)","decl":{"start":{"line":4,"column":22},"end":{"line":4,"column":29}},"loc":{"start":{"line":4,"column":22},"end":{"line":1,"column":51}}},"1":{"name":"(anonymous_1)","decl":{"start":{"line":4,"column":9},"end":{"line":4,"column":20}},"loc":{"start":{"line":4,"column":9},"end":{"line":2,"column":70}}}},"branchMap":{},"s":{"0":0,"1":0,"2":0,"3":0},"f":{"0":0,"1":0},"b":{}}
,"/Users/hans/dev/n8n-nodes-onoffice-pro/nodes/OnOffice/actions/agentslog/index.ts": {"path":"/Users/hans/dev/n8n-nodes-onoffice-pro/nodes/OnOffice/actions/agentslog/index.ts","statementMap":{"0":{"start":{"line":3,"column":0},"end":{"line":3,"column":31}},"1":{"start":{"line":5,"column":9},"end":{"line":5,"column":13}},"2":{"start":{"line":7,"column":13},"end":{"line":29,"column":2}}},"fnMap":{},"branchMap":{},"s":{"0":0,"1":0,"2":0},"f":{},"b":{}}
,"/Users/hans/dev/n8n-nodes-onoffice-pro/nodes/OnOffice/actions/agentslog/read/description.ts": {"path":"/Users/hans/dev/n8n-nodes-onoffice-pro/nodes/OnOffice/actions/agentslog/read/description.ts","statementMap":{"0":{"start":{"line":3,"column":13},"end":{"line":238,"column":2}}},"fnMap":{},"branchMap":{},"s":{"0":0},"f":{},"b":{}}
,"/Users/hans/dev/n8n-nodes-onoffice-pro/nodes/OnOffice/actions/agentslog/read/execute.ts": {"path":"/Users/hans/dev/n8n-nodes-onoffice-pro/nodes/OnOffice/actions/agentslog/read/execute.ts","statementMap":{"0":{"start":{"line":20,"column":0},"end":{"line":20,"column":7}},"1":{"start":{"line":2,"column":0},"end":{"line":2,"column":55}},"2":{"start":{"line":3,"column":0},"end":{"line":3,"column":null}},"3":{"start":{"line":7,"column":0},"end":{"line":7,"column":null}},"4":{"start":{"line":12,"column":0},"end":{"line":12,"column":null}},"5":{"start":{"line":18,"column":0},"end":{"line":18,"column":69}},"6":{"start":{"line":24,"column":2},"end":{"line":172,"column":3}},"7":{"start":{"line":25,"column":42},"end":{"line":27,"column":6}},"8":{"start":{"line":29,"column":28},"end":{"line":33,"column":null}},"9":{"start":{"line":35,"column":4},"end":{"line":37,"column":5}},"10":{"start":{"line":36,"column":6},"end":{"line":36,"column":40}},"11":{"start":{"line":39,"column":29},"end":{"line":43,"column":null}},"12":{"start":{"line":46,"column":27},"end":{"line":46,"column":73}},"13":{"start":{"line":47,"column":4},"end":{"line":49,"column":5}},"14":{"start":{"line":48,"column":6},"end":{"line":48,"column":65}},"15":{"start":{"line":51,"column":26},"end":{"line":51,"column":71}},"16":{"start":{"line":52,"column":4},"end":{"line":54,"column":5}},"17":{"start":{"line":53,"column":6},"end":{"line":53,"column":63}},"18":{"start":{"line":56,"column":22},"end":{"line":59,"column":null}},"19":{"start":{"line":61,"column":4},"end":{"line":63,"column":5}},"20":{"start":{"line":62,"column":6},"end":{"line":62,"column":39}},"21":{"start":{"line":65,"column":25},"end":{"line":65,"column":34}},"22":{"start":{"line":67,"column":24},"end":{"line":67,"column":72}},"23":{"start":{"line":69,"column":4},"end":{"line":122,"column":5}},"24":{"start":{"line":72,"column":25},"end":{"line":72,"column":69}},"25":{"start":{"line":73,"column":25},"end":{"line":83,"column":10}},"26":{"start":{"line":85,"column":6},"end":{"line":121,"column":7}},"27":{"start":{"line":86,"column":22},"end":{"line":86,"column":77}},"28":{"start":{"line":87,"column":25},"end":{"line":89,"column":21}},"29":{"start":{"line":90,"column":22},"end":{"line":90,"column":70}},"30":{"start":{"line":92,"column":8},"end":{"line":92,"column":58}},"31":{"start":{"line":92,"column":49},"end":{"line":92,"column":58}},"32":{"start":{"line":94,"column":8},"end":{"line":96,"column":9}},"33":{"start":{"line":95,"column":10},"end":{"line":95,"column":30}},"34":{"start":{"line":97,"column":8},"end":{"line":99,"column":9}},"35":{"start":{"line":98,"column":11},"end":{"line":98,"column":46}},"36":{"start":{"line":101,"column":37},"end":{"line":101,"column":42}},"37":{"start":{"line":103,"column":8},"end":{"line":108,"column":9}},"38":{"start":{"line":104,"column":10},"end":{"line":107,"column":29}},"39":{"start":{"line":106,"column":24},"end":{"line":106,"column":32}},"40":{"start":{"line":110,"column":8},"end":{"line":112,"column":9}},"41":{"start":{"line":111,"column":11},"end":{"line":111,"column":46}},"42":{"start":{"line":113,"column":28},"end":{"line":113,"column":null}},"43":{"start":{"line":117,"column":8},"end":{"line":120,"column":11}},"44":{"start":{"line":124,"column":4},"end":{"line":141,"column":5}},"45":{"start":{"line":125,"column":26},"end":{"line":125,"column":63}},"46":{"start":{"line":126,"column":6},"end":{"line":140,"column":7}},"47":{"start":{"line":127,"column":8},"end":{"line":139,"column":9}},"48":{"start":{"line":128,"column":10},"end":{"line":136,"column":11}},"49":{"start":{"line":129,"column":12},"end":{"line":129,"column":53}},"50":{"start":{"line":131,"column":12},"end":{"line":135,"column":14}},"51":{"start":{"line":137,"column":15},"end":{"line":139,"column":9}},"52":{"start":{"line":138,"column":10},"end":{"line":138,"column":39}},"53":{"start":{"line":143,"column":4},"end":{"line":145,"column":5}},"54":{"start":{"line":144,"column":6},"end":{"line":144,"column":41}},"55":{"start":{"line":147,"column":28},"end":{"line":154,"column":6}},"56":{"start":{"line":155,"column":25},"end":{"line":155,"column":79}},"57":{"start":{"line":156,"column":4},"end":{"line":156,"column":52}},"58":{"start":{"line":158,"column":21},"end":{"line":162,"column":6}},"59":{"start":{"line":164,"column":25},"end":{"line":164,"column":54}},"60":{"start":{"line":165,"column":4},"end":{"line":165,"column":54}},"61":{"start":{"line":167,"column":4},"end":{"line":171,"column":7}}},"fnMap":{"0":{"name":"readAgentslog","decl":{"start":{"line":20,"column":22},"end":{"line":20,"column":35}},"loc":{"start":{"line":22,"column":19},"end":{"line":173,"column":1}}},"1":{"name":"(anonymous_1)","decl":{"start":{"line":106,"column":17},"end":{"line":106,"column":18}},"loc":{"start":{"line":106,"column":24},"end":{"line":106,"column":32}}}},"branchMap":{"0":{"loc":{"start":{"line":35,"column":4},"end":{"line":37,"column":5}},"type":"if","locations":[{"start":{"line":35,"column":4},"end":{"line":37,"column":5}},{"start":{},"end":{}}]},"1":{"loc":{"start":{"line":46,"column":27},"end":{"line":46,"column":73}},"type":"cond-expr","locations":[{"start":{"line":46,"column":67},"end":{"line":46,"column":71}},{"start":{"line":46,"column":71},"end":{"line":46,"column":73}}]},"2":{"loc":{"start":{"line":46,"column":27},"end":{"line":46,"column":71}},"type":"binary-expr","locations":[{"start":{"line":46,"column":27},"end":{"line":46,"column":71}},{"start":{"line":46,"column":67},"end":{"line":46,"column":71}}]},"3":{"loc":{"start":{"line":47,"column":4},"end":{"line":49,"column":5}},"type":"if","locations":[{"start":{"line":47,"column":4},"end":{"line":49,"column":5}},{"start":{},"end":{}}]},"4":{"loc":{"start":{"line":47,"column":8},"end":{"line":47,"column":60}},"type":"binary-expr","locations":[{"start":{"line":47,"column":8},"end":{"line":47,"column":42}},{"start":{"line":47,"column":46},"end":{"line":47,"column":60}}]},"5":{"loc":{"start":{"line":51,"column":26},"end":{"line":51,"column":71}},"type":"cond-expr","locations":[{"start":{"line":51,"column":65},"end":{"line":51,"column":69}},{"start":{"line":51,"column":69},"end":{"line":51,"column":71}}]},"6":{"loc":{"start":{"line":51,"column":26},"end":{"line":51,"column":69}},"type":"binary-expr","locations":[{"start":{"line":51,"column":26},"end":{"line":51,"column":69}},{"start":{"line":51,"column":65},"end":{"line":51,"column":69}}]},"7":{"loc":{"start":{"line":52,"column":4},"end":{"line":54,"column":5}},"type":"if","locations":[{"start":{"line":52,"column":4},"end":{"line":54,"column":5}},{"start":{},"end":{}}]},"8":{"loc":{"start":{"line":52,"column":8},"end":{"line":52,"column":58}},"type":"binary-expr","locations":[{"start":{"line":52,"column":8},"end":{"line":52,"column":41}},{"start":{"line":52,"column":45},"end":{"line":52,"column":58}}]},"9":{"loc":{"start":{"line":61,"column":4},"end":{"line":63,"column":5}},"type":"if","locations":[{"start":{"line":61,"column":4},"end":{"line":63,"column":5}},{"start":{},"end":{}}]},"10":{"loc":{"start":{"line":67,"column":24},"end":{"line":67,"column":72}},"type":"cond-expr","locations":[{"start":{"line":67,"column":66},"end":{"line":67,"column":70}},{"start":{"line":67,"column":70},"end":{"line":67,"column":72}}]},"11":{"loc":{"start":{"line":67,"column":24},"end":{"line":67,"column":70}},"type":"binary-expr","locations":[{"start":{"line":67,"column":24},"end":{"line":67,"column":70}},{"start":{"line":67,"column":66},"end":{"line":67,"column":70}}]},"12":{"loc":{"start":{"line":69,"column":4},"end":{"line":122,"column":5}},"type":"if","locations":[{"start":{"line":69,"column":4},"end":{"line":122,"column":5}},{"start":{},"end":{}}]},"13":{"loc":{"start":{"line":70,"column":6},"end":{"line":70,"column":77}},"type":"binary-expr","locations":[{"start":{"line":70,"column":6},"end":{"line":70,"column":17}},{"start":{"line":70,"column":21},"end":{"line":70,"column":52}},{"start":{"line":70,"column":56},"end":{"line":70,"column":77}}]},"14":{"loc":{"start":{"line":73,"column":25},"end":{"line":83,"column":10}},"type":"cond-expr","locations":[{"start":{"line":74,"column":11},"end":{"line":74,"column":null}},{"start":{"line":77,"column":10},"end":{"line":83,"column":10}}]},"15":{"loc":{"start":{"line":86,"column":22},"end":{"line":86,"column":77}},"type":"cond-expr","locations":[{"start":{"line":86,"column":55},"end":{"line":86,"column":65}},{"start":{"line":86,"column":68},"end":{"line":86,"column":77}}]},"16":{"loc":{"start":{"line":87,"column":25},"end":{"line":89,"column":21}},"type":"cond-expr","locations":[{"start":{"line":88,"column":12},"end":{"line":88,"column":25}},{"start":{"line":89,"column":12},"end":{"line":89,"column":21}}]},"17":{"loc":{"start":{"line":90,"column":22},"end":{"line":90,"column":70}},"type":"cond-expr","locations":[{"start":{"line":90,"column":55},"end":{"line":90,"column":65}},{"start":{"line":90,"column":68},"end":{"line":90,"column":70}}]},"18":{"loc":{"start":{"line":92,"column":8},"end":{"line":92,"column":58}},"type":"if","locations":[{"start":{"line":92,"column":8},"end":{"line":92,"column":58}},{"start":{},"end":{}}]},"19":{"loc":{"start":{"line":92,"column":12},"end":{"line":92,"column":47}},"type":"binary-expr","locations":[{"start":{"line":92,"column":12},"end":{"line":92,"column":18}},{"start":{"line":92,"column":22},"end":{"line":92,"column":31}},{"start":{"line":92,"column":35},"end":{"line":92,"column":47}}]},"20":{"loc":{"start":{"line":94,"column":8},"end":{"line":96,"column":9}},"type":"if","locations":[{"start":{"line":94,"column":8},"end":{"line":96,"column":9}},{"start":{},"end":{}}]},"21":{"loc":{"start":{"line":97,"column":8},"end":{"line":99,"column":9}},"type":"if","locations":[{"start":{"line":97,"column":8},"end":{"line":99,"column":9}},{"start":{},"end":{}}]},"22":{"loc":{"start":{"line":103,"column":8},"end":{"line":108,"column":9}},"type":"if","locations":[{"start":{"line":103,"column":8},"end":{"line":108,"column":9}},{"start":{},"end":{}}]},"23":{"loc":{"start":{"line":103,"column":12},"end":{"line":103,"column":55}},"type":"binary-expr","locations":[{"start":{"line":103,"column":12},"end":{"line":103,"column":29}},{"start":{"line":103,"column":33},"end":{"line":103,"column":55}}]},"24":{"loc":{"start":{"line":110,"column":8},"end":{"line":112,"column":9}},"type":"if","locations":[{"start":{"line":110,"column":8},"end":{"line":112,"column":9}},{"start":{},"end":{}}]},"25":{"loc":{"start":{"line":124,"column":4},"end":{"line":141,"column":5}},"type":"if","locations":[{"start":{"line":124,"column":4},"end":{"line":141,"column":5}},{"start":{},"end":{}}]},"26":{"loc":{"start":{"line":126,"column":6},"end":{"line":140,"column":7}},"type":"if","locations":[{"start":{"line":126,"column":6},"end":{"line":140,"column":7}},{"start":{},"end":{}}]},"27":{"loc":{"start":{"line":127,"column":8},"end":{"line":139,"column":9}},"type":"if","locations":[{"start":{"line":127,"column":8},"end":{"line":139,"column":9}},{"start":{"line":137,"column":15},"end":{"line":139,"column":9}}]},"28":{"loc":{"start":{"line":127,"column":12},"end":{"line":127,"column":65}},"type":"binary-expr","locations":[{"start":{"line":127,"column":12},"end":{"line":127,"column":43}},{"start":{"line":127,"column":47},"end":{"line":127,"column":65}}]},"29":{"loc":{"start":{"line":137,"column":15},"end":{"line":139,"column":9}},"type":"if","locations":[{"start":{"line":137,"column":15},"end":{"line":139,"column":9}},{"start":{},"end":{}}]},"30":{"loc":{"start":{"line":143,"column":4},"end":{"line":145,"column":5}},"type":"if","locations":[{"start":{"line":143,"column":4},"end":{"line":145,"column":5}},{"start":{},"end":{}}]}},"s":{"0":0,"1":0,"2":0,"3":0,"4":0,"5":0,"6":0,"7":0,"8":0,"9":0,"10":0,"11":0,"12":0,"13":0,"14":0,"15":0,"16":0,"17":0,"18":0,"19":0,"20":0,"21":0,"22":0,"23":0,"24":0,"25":0,"26":0,"27":0,"28":0,"29":0,"30":0,"31":0,"32":0,"33":0,"34":0,"35":0,"36":0,"37":0,"38":0,"39":0,"40":0,"41":0,"42":0,"43":0,"44":0,"45":0,"46":0,"47":0,"48":0,"49":0,"50":0,"51":0,"52":0,"53":0,"54":0,"55":0,"56":0,"57":0,"58":0,"59":0,"60":0,"61":0},"f":{"0":0,"1":0},"b":{"0":[0,0],"1":[0,0],"2":[0,0],"3":[0,0],"4":[0,0],"5":[0,0],"6":[0,0],"7":[0,0],"8":[0,0],"9":[0,0],"10":[0,0],"11":[0,0],"12":[0,0],"13":[0,0,0],"14":[0,0],"15":[0,0],"16":[0,0],"17":[0,0],"18":[0,0],"19":[0,0,0],"20":[0,0],"21":[0,0],"22":[0,0],"23":[0,0],"24":[0,0],"25":[0,0],"26":[0,0],"27":[0,0],"28":[0,0],"29":[0,0],"30":[0,0]}}
,"/Users/hans/dev/n8n-nodes-onoffice-pro/nodes/OnOffice/actions/agentslog/read/index.ts": {"path":"/Users/hans/dev/n8n-nodes-onoffice-pro/nodes/OnOffice/actions/agentslog/read/index.ts","statementMap":{"0":{"start":{"line":1,"column":0},"end":{"line":1,"column":26}},"1":{"start":{"line":4,"column":22},"end":{"line":1,"column":53}},"2":{"start":{"line":2,"column":0},"end":{"line":2,"column":37}},"3":{"start":{"line":4,"column":9},"end":{"line":2,"column":72}}},"fnMap":{"0":{"name":"(anonymous_0)","decl":{"start":{"line":4,"column":22},"end":{"line":4,"column":29}},"loc":{"start":{"line":4,"column":22},"end":{"line":1,"column":53}}},"1":{"name":"(anonymous_1)","decl":{"start":{"line":4,"column":9},"end":{"line":4,"column":20}},"loc":{"start":{"line":4,"column":9},"end":{"line":2,"column":72}}}},"branchMap":{},"s":{"0":0,"1":0,"2":0,"3":0},"f":{"0":0,"1":0},"b":{}}
,"/Users/hans/dev/n8n-nodes-onoffice-pro/nodes/OnOffice/actions/appointments/index.ts": {"path":"/Users/hans/dev/n8n-nodes-onoffice-pro/nodes/OnOffice/actions/appointments/index.ts","statementMap":{"0":{"start":{"line":3,"column":0},"end":{"line":3,"column":35}},"1":{"start":{"line":7,"column":9},"end":{"line":7,"column":15}},"2":{"start":{"line":4,"column":0},"end":{"line":4,"column":31}},"3":{"start":{"line":7,"column":17},"end":{"line":7,"column":21}},"4":{"start":{"line":5,"column":0},"end":{"line":5,"column":32}},"5":{"start":{"line":7,"column":23},"end":{"line":7,"column":26}},"6":{"start":{"line":9,"column":13},"end":{"line":69,"column":2}}},"fnMap":{},"branchMap":{},"s":{"0":0,"1":0,"2":0,"3":0,"4":0,"5":0,"6":0},"f":{},"b":{}}
,"/Users/hans/dev/n8n-nodes-onoffice-pro/nodes/OnOffice/actions/appointments/create/description.ts": {"path":"/Users/hans/dev/n8n-nodes-onoffice-pro/nodes/OnOffice/actions/appointments/create/description.ts","statementMap":{"0":{"start":{"line":3,"column":13},"end":{"line":149,"column":2}}},"fnMap":{},"branchMap":{},"s":{"0":0},"f":{},"b":{}}
,"/Users/hans/dev/n8n-nodes-onoffice-pro/nodes/OnOffice/actions/appointments/create/execute.ts": {"path":"/Users/hans/dev/n8n-nodes-onoffice-pro/nodes/OnOffice/actions/appointments/create/execute.ts","statementMap":{"0":{"start":{"line":17,"column":0},"end":{"line":17,"column":7}},"1":{"start":{"line":6,"column":0},"end":{"line":6,"column":55}},"2":{"start":{"line":7,"column":0},"end":{"line":7,"column":77}},"3":{"start":{"line":8,"column":0},"end":{"line":8,"column":68}},"4":{"start":{"line":10,"column":0},"end":{"line":10,"column":null}},"5":{"start":{"line":15,"column":0},"end":{"line":15,"column":69}},"6":{"start":{"line":21,"column":2},"end":{"line":135,"column":3}},"7":{"start":{"line":22,"column":30},"end":{"line":26,"column":null}},"8":{"start":{"line":28,"column":50},"end":{"line":28,"column":52}},"9":{"start":{"line":30,"column":4},"end":{"line":119,"column":5}},"10":{"start":{"line":31,"column":29},"end":{"line":35,"column":null}},"11":{"start":{"line":37,"column":6},"end":{"line":37,"column":46}},"12":{"start":{"line":39,"column":24},"end":{"line":43,"column":null}},"13":{"start":{"line":45,"column":22},"end":{"line":49,"column":null}},"14":{"start":{"line":52,"column":42},"end":{"line":55,"column":8}},"15":{"start":{"line":57,"column":26},"end":{"line":61,"column":null}},"16":{"start":{"line":63,"column":6},"end":{"line":65,"column":7}},"17":{"start":{"line":64,"column":8},"end":{"line":64,"column":49}},"18":{"start":{"line":67,"column":18},"end":{"line":67,"column":64}},"19":{"start":{"line":68,"column":6},"end":{"line":70,"column":7}},"20":{"start":{"line":69,"column":8},"end":{"line":69,"column":33}},"21":{"start":{"line":72,"column":23},"end":{"line":76,"column":null}},"22":{"start":{"line":78,"column":6},"end":{"line":80,"column":7}},"23":{"start":{"line":79,"column":8},"end":{"line":79,"column":43}},"24":{"start":{"line":82,"column":19},"end":{"line":82,"column":66}},"25":{"start":{"line":83,"column":6},"end":{"line":85,"column":7}},"26":{"start":{"line":84,"column":8},"end":{"line":84,"column":35}},"27":{"start":{"line":87,"column":33},"end":{"line":91,"column":null}},"28":{"start":{"line":93,"column":6},"end":{"line":95,"column":7}},"29":{"start":{"line":94,"column":8},"end":{"line":94,"column":52}},"30":{"start":{"line":97,"column":37},"end":{"line":101,"column":null}},"31":{"start":{"line":103,"column":32},"end":{"line":104,"column":null}},"32":{"start":{"line":107,"column":30},"end":{"line":111,"column":null}},"33":{"start":{"line":114,"column":6},"end":{"line":118,"column":8}},"34":{"start":{"line":121,"column":21},"end":{"line":125,"column":6}},"35":{"start":{"line":127,"column":25},"end":{"line":127,"column":54}},"36":{"start":{"line":128,"column":4},"end":{"line":128,"column":54}},"37":{"start":{"line":130,"column":4},"end":{"line":134,"column":7}}},"fnMap":{"0":{"name":"createAppointment","decl":{"start":{"line":17,"column":22},"end":{"line":17,"column":39}},"loc":{"start":{"line":19,"column":19},"end":{"line":136,"column":1}}}},"branchMap":{"0":{"loc":{"start":{"line":30,"column":4},"end":{"line":119,"column":5}},"type":"if","locations":[{"start":{"line":30,"column":4},"end":{"line":119,"column":5}},{"start":{"line":38,"column":11},"end":{"line":119,"column":5}}]},"1":{"loc":{"start":{"line":63,"column":6},"end":{"line":65,"column":7}},"type":"if","locations":[{"start":{"line":63,"column":6},"end":{"line":65,"column":7}},{"start":{},"end":{}}]},"2":{"loc":{"start":{"line":68,"column":6},"end":{"line":70,"column":7}},"type":"if","locations":[{"start":{"line":68,"column":6},"end":{"line":70,"column":7}},{"start":{},"end":{}}]},"3":{"loc":{"start":{"line":78,"column":6},"end":{"line":80,"column":7}},"type":"if","locations":[{"start":{"line":78,"column":6},"end":{"line":80,"column":7}},{"start":{},"end":{}}]},"4":{"loc":{"start":{"line":83,"column":6},"end":{"line":85,"column":7}},"type":"if","locations":[{"start":{"line":83,"column":6},"end":{"line":85,"column":7}},{"start":{},"end":{}}]},"5":{"loc":{"start":{"line":93,"column":6},"end":{"line":95,"column":7}},"type":"if","locations":[{"start":{"line":93,"column":6},"end":{"line":95,"column":7}},{"start":{},"end":{}}]},"6":{"loc":{"start":{"line":117,"column":25},"end":{"line":117,"column":53}},"type":"binary-expr","locations":[{"start":{"line":117,"column":25},"end":{"line":117,"column":40}},{"start":{"line":117,"column":44},"end":{"line":117,"column":53}}]}},"s":{"0":0,"1":0,"2":0,"3":0,"4":0,"5":0,"6":0,"7":0,"8":0,"9":0,"10":0,"11":0,"12":0,"13":0,"14":0,"15":0,"16":0,"17":0,"18":0,"19":0,"20":0,"21":0,"22":0,"23":0,"24":0,"25":0,"26":0,"27":0,"28":0,"29":0,"30":0,"31":0,"32":0,"33":0,"34":0,"35":0,"36":0,"37":0},"f":{"0":0},"b":{"0":[0,0],"1":[0,0],"2":[0,0],"3":[0,0],"4":[0,0],"5":[0,0],"6":[0,0]}}
,"/Users/hans/dev/n8n-nodes-onoffice-pro/nodes/OnOffice/actions/appointments/create/index.ts": {"path":"/Users/hans/dev/n8n-nodes-onoffice-pro/nodes/OnOffice/actions/appointments/create/index.ts","statementMap":{"0":{"start":{"line":1,"column":0},"end":{"line":1,"column":30}},"1":{"start":{"line":4,"column":22},"end":{"line":1,"column":57}},"2":{"start":{"line":2,"column":0},"end":{"line":2,"column":41}},"3":{"start":{"line":4,"column":9},"end":{"line":2,"column":76}}},"fnMap":{"0":{"name":"(anonymous_0)","decl":{"start":{"line":4,"column":22},"end":{"line":4,"column":29}},"loc":{"start":{"line":4,"column":22},"end":{"line":1,"column":57}}},"1":{"name":"(anonymous_1)","decl":{"start":{"line":4,"column":9},"end":{"line":4,"column":20}},"loc":{"start":{"line":4,"column":9},"end":{"line":2,"column":76}}}},"branchMap":{},"s":{"0":0,"1":0,"2":0,"3":0},"f":{"0":0,"1":0},"b":{}}
,"/Users/hans/dev/n8n-nodes-onoffice-pro/nodes/OnOffice/actions/appointments/delete/description.ts": {"path":"/Users/hans/dev/n8n-nodes-onoffice-pro/nodes/OnOffice/actions/appointments/delete/description.ts","statementMap":{"0":{"start":{"line":3,"column":13},"end":{"line":16,"column":2}}},"fnMap":{},"branchMap":{},"s":{"0":0},"f":{},"b":{}}
,"/Users/hans/dev/n8n-nodes-onoffice-pro/nodes/OnOffice/actions/appointments/delete/execute.ts": {"path":"/Users/hans/dev/n8n-nodes-onoffice-pro/nodes/OnOffice/actions/appointments/delete/execute.ts","statementMap":{"0":{"start":{"line":10,"column":0},"end":{"line":10,"column":7}},"1":{"start":{"line":2,"column":0},"end":{"line":2,"column":55}},"2":{"start":{"line":3,"column":0},"end":{"line":3,"column":null}},"3":{"start":{"line":7,"column":0},"end":{"line":7,"column":67}},"4":{"start":{"line":8,"column":0},"end":{"line":8,"column":69}},"5":{"start":{"line":14,"column":2},"end":{"line":38,"column":3}},"6":{"start":{"line":15,"column":23},"end":{"line":15,"column":71}},"7":{"start":{"line":17,"column":4},"end":{"line":19,"column":5}},"8":{"start":{"line":18,"column":6},"end":{"line":18,"column":64}},"9":{"start":{"line":21,"column":23},"end":{"line":21,"column":25}},"10":{"start":{"line":23,"column":21},"end":{"line":28,"column":6}},"11":{"start":{"line":30,"column":25},"end":{"line":30,"column":54}},"12":{"start":{"line":31,"column":4},"end":{"line":31,"column":54}},"13":{"start":{"line":33,"column":4},"end":{"line":37,"column":7}}},"fnMap":{"0":{"name":"deleteAppointment","decl":{"start":{"line":10,"column":22},"end":{"line":10,"column":39}},"loc":{"start":{"line":12,"column":19},"end":{"line":39,"column":1}}}},"branchMap":{"0":{"loc":{"start":{"line":17,"column":4},"end":{"line":19,"column":5}},"type":"if","locations":[{"start":{"line":17,"column":4},"end":{"line":19,"column":5}},{"start":{},"end":{}}]}},"s":{"0":0,"1":0,"2":0,"3":0,"4":0,"5":0,"6":0,"7":0,"8":0,"9":0,"10":0,"11":0,"12":0,"13":0},"f":{"0":0},"b":{"0":[0,0]}}
,"/Users/hans/dev/n8n-nodes-onoffice-pro/nodes/OnOffice/actions/appointments/delete/index.ts": {"path":"/Users/hans/dev/n8n-nodes-onoffice-pro/nodes/OnOffice/actions/appointments/delete/index.ts","statementMap":{"0":{"start":{"line":1,"column":0},"end":{"line":1,"column":30}},"1":{"start":{"line":4,"column":22},"end":{"line":1,"column":57}},"2":{"start":{"line":2,"column":0},"end":{"line":2,"column":41}},"3":{"start":{"line":4,"column":9},"end":{"line":2,"column":76}}},"fnMap":{"0":{"name":"(anonymous_0)","decl":{"start":{"line":4,"column":22},"end":{"line":4,"column":29}},"loc":{"start":{"line":4,"column":22},"end":{"line":1,"column":57}}},"1":{"name":"(anonymous_1)","decl":{"start":{"line":4,"column":9},"end":{"line":4,"column":20}},"loc":{"start":{"line":4,"column":9},"end":{"line":2,"column":76}}}},"branchMap":{},"s":{"0":0,"1":0,"2":0,"3":0},"f":{"0":0,"1":0},"b":{}}
,"/Users/hans/dev/n8n-nodes-onoffice-pro/nodes/OnOffice/actions/appointments/read/description.ts": {"path":"/Users/hans/dev/n8n-nodes-onoffice-pro/nodes/OnOffice/actions/appointments/read/description.ts","statementMap":{"0":{"start":{"line":3,"column":13},"end":{"line":121,"column":2}}},"fnMap":{},"branchMap":{},"s":{"0":0},"f":{},"b":{}}
,"/Users/hans/dev/n8n-nodes-onoffice-pro/nodes/OnOffice/actions/appointments/read/execute.ts": {"path":"/Users/hans/dev/n8n-nodes-onoffice-pro/nodes/OnOffice/actions/appointments/read/execute.ts","statementMap":{"0":{"start":{"line":12,"column":0},"end":{"line":12,"column":7}},"1":{"start":{"line":2,"column":0},"end":{"line":2,"column":55}},"2":{"start":{"line":3,"column":0},"end":{"line":3,"column":68}},"3":{"start":{"line":5,"column":0},"end":{"line":5,"column":null}},"4":{"start":{"line":10,"column":0},"end":{"line":10,"column":69}},"5":{"start":{"line":16,"column":2},"end":{"line":77,"column":3}},"6":{"start":{"line":17,"column":30},"end":{"line":21,"column":null}},"7":{"start":{"line":23,"column":48},"end":{"line":23,"column":50}},"8":{"start":{"line":25,"column":4},"end":{"line":46,"column":5}},"9":{"start":{"line":26,"column":29},"end":{"line":30,"column":null}},"10":{"start":{"line":32,"column":6},"end":{"line":32,"column":46}},"11":{"start":{"line":34,"column":30},"end":{"line":37,"column":null}},"12":{"start":{"line":39,"column":6},"end":{"line":45,"column":7}},"13":{"start":{"line":42,"column":40},"end":{"line":42,"column":64}},"14":{"start":{"line":44,"column":8},"end":{"line":44,"column":54}},"15":{"start":{"line":48,"column":23},"end":{"line":48,"column":71}},"16":{"start":{"line":50,"column":29},"end":{"line":54,"column":null}},"17":{"start":{"line":57,"column":55},"end":{"line":60,"column":6}},"18":{"start":{"line":62,"column":21},"end":{"line":67,"column":6}},"19":{"start":{"line":69,"column":25},"end":{"line":69,"column":54}},"20":{"start":{"line":70,"column":4},"end":{"line":70,"column":54}},"21":{"start":{"line":72,"column":4},"end":{"line":76,"column":7}}},"fnMap":{"0":{"name":"readAppointment","decl":{"start":{"line":12,"column":22},"end":{"line":12,"column":37}},"loc":{"start":{"line":14,"column":19},"end":{"line":78,"column":1}}},"1":{"name":"(anonymous_1)","decl":{"start":{"line":42,"column":30},"end":{"line":42,"column":31}},"loc":{"start":{"line":42,"column":40},"end":{"line":42,"column":64}}}},"branchMap":{"0":{"loc":{"start":{"line":25,"column":4},"end":{"line":46,"column":5}},"type":"if","locations":[{"start":{"line":25,"column":4},"end":{"line":46,"column":5}},{"start":{"line":33,"column":11},"end":{"line":46,"column":5}}]},"1":{"loc":{"start":{"line":39,"column":6},"end":{"line":45,"column":7}},"type":"if","locations":[{"start":{"line":39,"column":6},"end":{"line":45,"column":7}},{"start":{},"end":{}}]},"2":{"loc":{"start":{"line":40,"column":8},"end":{"line":42,"column":65}},"type":"binary-expr","locations":[{"start":{"line":40,"column":8},"end":{"line":40,"column":38}},{"start":{"line":41,"column":8},"end":{"line":41,"column":34}},{"start":{"line":42,"column":8},"end":{"line":42,"column":65}}]}},"s":{"0":0,"1":0,"2":0,"3":0,"4":0,"5":0,"6":0,"7":0,"8":0,"9":0,"10":0,"11":0,"12":0,"13":0,"14":0,"15":0,"16":0,"17":0,"18":0,"19":0,"20":0,"21":0},"f":{"0":0,"1":0},"b":{"0":[0,0],"1":[0,0],"2":[0,0,0]}}
,"/Users/hans/dev/n8n-nodes-onoffice-pro/nodes/OnOffice/actions/appointments/read/index.ts": {"path":"/Users/hans/dev/n8n-nodes-onoffice-pro/nodes/OnOffice/actions/appointments/read/index.ts","statementMap":{"0":{"start":{"line":1,"column":0},"end":{"line":1,"column":28}},"1":{"start":{"line":4,"column":22},"end":{"line":1,"column":55}},"2":{"start":{"line":2,"column":0},"end":{"line":2,"column":39}},"3":{"start":{"line":4,"column":9},"end":{"line":2,"column":74}}},"fnMap":{"0":{"name":"(anonymous_0)","decl":{"start":{"line":4,"column":22},"end":{"line":4,"column":29}},"loc":{"start":{"line":4,"column":22},"end":{"line":1,"column":55}}},"1":{"name":"(anonymous_1)","decl":{"start":{"line":4,"column":9},"end":{"line":4,"column":20}},"loc":{"start":{"line":4,"column":9},"end":{"line":2,"column":74}}}},"branchMap":{},"s":{"0":0,"1":0,"2":0,"3":0},"f":{"0":0,"1":0},"b":{}}
,"/Users/hans/dev/n8n-nodes-onoffice-pro/nodes/OnOffice/actions/email/index.ts": {"path":"/Users/hans/dev/n8n-nodes-onoffice-pro/nodes/OnOffice/actions/email/index.ts","statementMap":{"0":{"start":{"line":3,"column":0},"end":{"line":3,"column":33}},"1":{"start":{"line":5,"column":9},"end":{"line":5,"column":17}},"2":{"start":{"line":7,"column":13},"end":{"line":43,"column":2}}},"fnMap":{},"branchMap":{},"s":{"0":0,"1":0,"2":0},"f":{},"b":{}}
,"/Users/hans/dev/n8n-nodes-onoffice-pro/nodes/OnOffice/actions/email/do/description.ts": {"path":"/Users/hans/dev/n8n-nodes-onoffice-pro/nodes/OnOffice/actions/email/do/description.ts","statementMap":{"0":{"start":{"line":3,"column":13},"end":{"line":185,"column":2}}},"fnMap":{},"branchMap":{},"s":{"0":0},"f":{},"b":{}}
,"/Users/hans/dev/n8n-nodes-onoffice-pro/nodes/OnOffice/actions/email/do/execute.ts": {"path":"/Users/hans/dev/n8n-nodes-onoffice-pro/nodes/OnOffice/actions/email/do/execute.ts","statementMap":{"0":{"start":{"line":18,"column":0},"end":{"line":18,"column":7}},"1":{"start":{"line":2,"column":0},"end":{"line":2,"column":55}},"2":{"start":{"line":3,"column":0},"end":{"line":3,"column":70}},"3":{"start":{"line":4,"column":0},"end":{"line":4,"column":null}},"4":{"start":{"line":9,"column":0},"end":{"line":9,"column":null}},"5":{"start":{"line":16,"column":0},"end":{"line":16,"column":69}},"6":{"start":{"line":22,"column":2},"end":{"line":226,"column":3}},"7":{"start":{"line":23,"column":38},"end":{"line":26,"column":6}},"8":{"start":{"line":28,"column":26},"end":{"line":32,"column":null}},"9":{"start":{"line":34,"column":26},"end":{"line":38,"column":null}},"10":{"start":{"line":40,"column":21},"end":{"line":40,"column":55}},"11":{"start":{"line":42,"column":4},"end":{"line":48,"column":5}},"12":{"start":{"line":43,"column":6},"end":{"line":47,"column":8}},"13":{"start":{"line":50,"column":4},"end":{"line":50,"column":45}},"14":{"start":{"line":51,"column":4},"end":{"line":51,"column":35}},"15":{"start":{"line":53,"column":29},"end":{"line":57,"column":null}},"16":{"start":{"line":60,"column":4},"end":{"line":64,"column":5}},"17":{"start":{"line":61,"column":6},"end":{"line":63,"column":8}},"18":{"start":{"line":66,"column":23},"end":{"line":70,"column":null}},"19":{"start":{"line":72,"column":4},"end":{"line":74,"column":5}},"20":{"start":{"line":73,"column":6},"end":{"line":73,"column":41}},"21":{"start":{"line":76,"column":4},"end":{"line":85,"column":5}},"22":{"start":{"line":77,"column":6},"end":{"line":84,"column":8}},"23":{"start":{"line":86,"column":4},"end":{"line":95,"column":5}},"24":{"start":{"line":87,"column":6},"end":{"line":94,"column":8}},"25":{"start":{"line":96,"column":4},"end":{"line":105,"column":5}},"26":{"start":{"line":97,"column":6},"end":{"line":104,"column":8}},"27":{"start":{"line":106,"column":4},"end":{"line":110,"column":5}},"28":{"start":{"line":107,"column":6},"end":{"line":109,"column":8}},"29":{"start":{"line":111,"column":4},"end":{"line":115,"column":5}},"30":{"start":{"line":112,"column":6},"end":{"line":114,"column":8}},"31":{"start":{"line":117,"column":20},"end":{"line":121,"column":null}},"32":{"start":{"line":123,"column":4},"end":{"line":125,"column":5}},"33":{"start":{"line":124,"column":6},"end":{"line":124,"column":42}},"34":{"start":{"line":127,"column":17},"end":{"line":131,"column":null}},"35":{"start":{"line":133,"column":4},"end":{"line":135,"column":5}},"36":{"start":{"line":134,"column":6},"end":{"line":134,"column":36}},"37":{"start":{"line":137,"column":22},"end":{"line":141,"column":null}},"38":{"start":{"line":143,"column":4},"end":{"line":145,"column":5}},"39":{"start":{"line":144,"column":6},"end":{"line":144,"column":46}},"40":{"start":{"line":147,"column":24},"end":{"line":151,"column":null}},"41":{"start":{"line":153,"column":4},"end":{"line":155,"column":5}},"42":{"start":{"line":154,"column":6},"end":{"line":154,"column":50}},"43":{"start":{"line":157,"column":16},"end":{"line":157,"column":62}},"44":{"start":{"line":158,"column":4},"end":{"line":162,"column":5}},"45":{"start":{"line":159,"column":6},"end":{"line":161,"column":8}},"46":{"start":{"line":160,"column":8},"end":{"line":160,"column":68}},"47":{"start":{"line":164,"column":15},"end":{"line":164,"column":60}},"48":{"start":{"line":165,"column":4},"end":{"line":169,"column":5}},"49":{"start":{"line":166,"column":6},"end":{"line":168,"column":8}},"50":{"start":{"line":167,"column":8},"end":{"line":167,"column":68}},"51":{"start":{"line":171,"column":4},"end":{"line":178,"column":5}},"52":{"start":{"line":172,"column":6},"end":{"line":177,"column":8}},"53":{"start":{"line":179,"column":4},"end":{"line":186,"column":5}},"54":{"start":{"line":180,"column":6},"end":{"line":185,"column":8}},"55":{"start":{"line":187,"column":4},"end":{"line":194,"column":5}},"56":{"start":{"line":188,"column":6},"end":{"line":193,"column":8}},"57":{"start":{"line":195,"column":4},"end":{"line":202,"column":5}},"58":{"start":{"line":196,"column":6},"end":{"line":201,"column":8}},"59":{"start":{"line":203,"column":4},"end":{"line":210,"column":5}},"60":{"start":{"line":204,"column":6},"end":{"line":209,"column":8}},"61":{"start":{"line":212,"column":21},"end":{"line":216,"column":6}},"62":{"start":{"line":218,"column":25},"end":{"line":218,"column":54}},"63":{"start":{"line":219,"column":4},"end":{"line":219,"column":54}},"64":{"start":{"line":221,"column":4},"end":{"line":225,"column":7}}},"fnMap":{"0":{"name":"sendMail","decl":{"start":{"line":18,"column":22},"end":{"line":18,"column":30}},"loc":{"start":{"line":20,"column":19},"end":{"line":227,"column":1}}},"1":{"name":"(anonymous_1)","decl":{"start":{"line":159,"column":31},"end":{"line":159,"column":32}},"loc":{"start":{"line":160,"column":8},"end":{"line":160,"column":68}}},"2":{"name":"(anonymous_2)","decl":{"start":{"line":166,"column":29},"end":{"line":166,"column":30}},"loc":{"start":{"line":167,"column":8},"end":{"line":167,"column":68}}}},"branchMap":{"0":{"loc":{"start":{"line":42,"column":4},"end":{"line":48,"column":5}},"type":"if","locations":[{"start":{"line":42,"column":4},"end":{"line":48,"column":5}},{"start":{},"end":{}}]},"1":{"loc":{"start":{"line":60,"column":4},"end":{"line":64,"column":5}},"type":"if","locations":[{"start":{"line":60,"column":4},"end":{"line":64,"column":5}},{"start":{},"end":{}}]},"2":{"loc":{"start":{"line":72,"column":4},"end":{"line":74,"column":5}},"type":"if","locations":[{"start":{"line":72,"column":4},"end":{"line":74,"column":5}},{"start":{},"end":{}}]},"3":{"loc":{"start":{"line":76,"column":4},"end":{"line":85,"column":5}},"type":"if","locations":[{"start":{"line":76,"column":4},"end":{"line":85,"column":5}},{"start":{},"end":{}}]},"4":{"loc":{"start":{"line":86,"column":4},"end":{"line":95,"column":5}},"type":"if","locations":[{"start":{"line":86,"column":4},"end":{"line":95,"column":5}},{"start":{},"end":{}}]},"5":{"loc":{"start":{"line":96,"column":4},"end":{"line":105,"column":5}},"type":"if","locations":[{"start":{"line":96,"column":4},"end":{"line":105,"column":5}},{"start":{},"end":{}}]},"6":{"loc":{"start":{"line":106,"column":4},"end":{"line":110,"column":5}},"type":"if","locations":[{"start":{"line":106,"column":4},"end":{"line":110,"column":5}},{"start":{},"end":{}}]},"7":{"loc":{"start":{"line":111,"column":4},"end":{"line":115,"column":5}},"type":"if","locations":[{"start":{"line":111,"column":4},"end":{"line":115,"column":5}},{"start":{},"end":{}}]},"8":{"loc":{"start":{"line":123,"column":4},"end":{"line":125,"column":5}},"type":"if","locations":[{"start":{"line":123,"column":4},"end":{"line":125,"column":5}},{"start":{},"end":{}}]},"9":{"loc":{"start":{"line":133,"column":4},"end":{"line":135,"column":5}},"type":"if","locations":[{"start":{"line":133,"column":4},"end":{"line":135,"column":5}},{"start":{},"end":{}}]},"10":{"loc":{"start":{"line":143,"column":4},"end":{"line":145,"column":5}},"type":"if","locations":[{"start":{"line":143,"column":4},"end":{"line":145,"column":5}},{"start":{},"end":{}}]},"11":{"loc":{"start":{"line":153,"column":4},"end":{"line":155,"column":5}},"type":"if","locations":[{"start":{"line":153,"column":4},"end":{"line":155,"column":5}},{"start":{},"end":{}}]},"12":{"loc":{"start":{"line":158,"column":4},"end":{"line":162,"column":5}},"type":"if","locations":[{"start":{"line":158,"column":4},"end":{"line":162,"column":5}},{"start":{},"end":{}}]},"13":{"loc":{"start":{"line":158,"column":8},"end":{"line":158,"column":44}},"type":"binary-expr","locations":[{"start":{"line":158,"column":8},"end":{"line":158,"column":26}},{"start":{"line":158,"column":30},"end":{"line":158,"column":44}}]},"14":{"loc":{"start":{"line":160,"column":8},"end":{"line":160,"column":68}},"type":"cond-expr","locations":[{"start":{"line":160,"column":35},"end":{"line":160,"column":46}},{"start":{"line":160,"column":49},"end":{"line":160,"column":68}}]},"15":{"loc":{"start":{"line":165,"column":4},"end":{"line":169,"column":5}},"type":"if","locations":[{"start":{"line":165,"column":4},"end":{"line":169,"column":5}},{"start":{},"end":{}}]},"16":{"loc":{"start":{"line":165,"column":8},"end":{"line":165,"column":42}},"type":"binary-expr","locations":[{"start":{"line":165,"column":8},"end":{"line":165,"column":25}},{"start":{"line":165,"column":29},"end":{"line":165,"column":42}}]},"17":{"loc":{"start":{"line":167,"column":8},"end":{"line":167,"column":68}},"type":"cond-expr","locations":[{"start":{"line":167,"column":35},"end":{"line":167,"column":46}},{"start":{"line":167,"column":49},"end":{"line":167,"column":68}}]},"18":{"loc":{"start":{"line":171,"column":4},"end":{"line":178,"column":5}},"type":"if","locations":[{"start":{"line":171,"column":4},"end":{"line":178,"column":5}},{"start":{},"end":{}}]},"19":{"loc":{"start":{"line":179,"column":4},"end":{"line":186,"column":5}},"type":"if","locations":[{"start":{"line":179,"column":4},"end":{"line":186,"column":5}},{"start":{},"end":{}}]},"20":{"loc":{"start":{"line":187,"column":4},"end":{"line":194,"column":5}},"type":"if","locations":[{"start":{"line":187,"column":4},"end":{"line":194,"column":5}},{"start":{},"end":{}}]},"21":{"loc":{"start":{"line":195,"column":4},"end":{"line":202,"column":5}},"type":"if","locations":[{"start":{"line":195,"column":4},"end":{"line":202,"column":5}},{"start":{},"end":{}}]},"22":{"loc":{"start":{"line":203,"column":4},"end":{"line":210,"column":5}},"type":"if","locations":[{"start":{"line":203,"column":4},"end":{"line":210,"column":5}},{"start":{},"end":{}}]}},"s":{"0":0,"1":0,"2":0,"3":0,"4":0,"5":0,"6":0,"7":0,"8":0,"9":0,"10":0,"11":0,"12":0,"13":0,"14":0,"15":0,"16":0,"17":0,"18":0,"19":0,"20":0,"21":0,"22":0,"23":0,"24":0,"25":0,"26":0,"27":0,"28":0,"29":0,"30":0,"31":0,"32":0,"33":0,"34":0,"35":0,"36":0,"37":0,"38":0,"39":0,"40":0,"41":0,"42":0,"43":0,"44":0,"45":0,"46":0,"47":0,"48":0,"49":0,"50":0,"51":0,"52":0,"53":0,"54":0,"55":0,"56":0,"57":0,"58":0,"59":0,"60":0,"61":0,"62":0,"63":0,"64":0},"f":{"0":0,"1":0,"2":0},"b":{"0":[0,0],"1":[0,0],"2":[0,0],"3":[0,0],"4":[0,0],"5":[0,0],"6":[0,0],"7":[0,0],"8":[0,0],"9":[0,0],"10":[0,0],"11":[0,0],"12":[0,0],"13":[0,0],"14":[0,0],"15":[0,0],"16":[0,0],"17":[0,0],"18":[0,0],"19":[0,0],"20":[0,0],"21":[0,0],"22":[0,0]}}
,"/Users/hans/dev/n8n-nodes-onoffice-pro/nodes/OnOffice/actions/email/do/index.ts": {"path":"/Users/hans/dev/n8n-nodes-onoffice-pro/nodes/OnOffice/actions/email/do/index.ts","statementMap":{"0":{"start":{"line":1,"column":0},"end":{"line":1,"column":21}},"1":{"start":{"line":4,"column":22},"end":{"line":1,"column":48}},"2":{"start":{"line":2,"column":0},"end":{"line":2,"column":32}},"3":{"start":{"line":4,"column":9},"end":{"line":2,"column":67}}},"fnMap":{"0":{"name":"(anonymous_0)","decl":{"start":{"line":4,"column":22},"end":{"line":4,"column":29}},"loc":{"start":{"line":4,"column":22},"end":{"line":1,"column":48}}},"1":{"name":"(anonymous_1)","decl":{"start":{"line":4,"column":9},"end":{"line":4,"column":20}},"loc":{"start":{"line":4,"column":9},"end":{"line":2,"column":67}}}},"branchMap":{},"s":{"0":0,"1":0,"2":0,"3":0},"f":{"0":0,"1":0},"b":{}}
,"/Users/hans/dev/n8n-nodes-onoffice-pro/nodes/OnOffice/actions/estate/index.ts": {"path":"/Users/hans/dev/n8n-nodes-onoffice-pro/nodes/OnOffice/actions/estate/index.ts","statementMap":{"0":{"start":{"line":3,"column":0},"end":{"line":3,"column":31}},"1":{"start":{"line":5,"column":9},"end":{"line":5,"column":13}},"2":{"start":{"line":7,"column":13},"end":{"line":29,"column":2}}},"fnMap":{},"branchMap":{},"s":{"0":0,"1":0,"2":0},"f":{},"b":{}}
,"/Users/hans/dev/n8n-nodes-onoffice-pro/nodes/OnOffice/actions/estate/read/description.ts": {"path":"/Users/hans/dev/n8n-nodes-onoffice-pro/nodes/OnOffice/actions/estate/read/description.ts","statementMap":{"0":{"start":{"line":3,"column":13},"end":{"line":158,"column":2}}},"fnMap":{},"branchMap":{},"s":{"0":0},"f":{},"b":{}}
,"/Users/hans/dev/n8n-nodes-onoffice-pro/nodes/OnOffice/actions/estate/read/execute.ts": {"path":"/Users/hans/dev/n8n-nodes-onoffice-pro/nodes/OnOffice/actions/estate/read/execute.ts","statementMap":{"0":{"start":{"line":15,"column":0},"end":{"line":15,"column":7}},"1":{"start":{"line":2,"column":0},"end":{"line":2,"column":55}},"2":{"start":{"line":3,"column":0},"end":{"line":3,"column":null}},"3":{"start":{"line":7,"column":0},"end":{"line":7,"column":68}},"4":{"start":{"line":9,"column":0},"end":{"line":9,"column":69}},"5":{"start":{"line":10,"column":0},"end":{"line":10,"column":null}},"6":{"start":{"line":19,"column":2},"end":{"line":66,"column":3}},"7":{"start":{"line":20,"column":39},"end":{"line":22,"column":6}},"8":{"start":{"line":24,"column":23},"end":{"line":29,"column":8}},"9":{"start":{"line":31,"column":28},"end":{"line":35,"column":null}},"10":{"start":{"line":37,"column":4},"end":{"line":39,"column":5}},"11":{"start":{"line":38,"column":6},"end":{"line":38,"column":40}},"12":{"start":{"line":41,"column":29},"end":{"line":45,"column":null}},"13":{"start":{"line":48,"column":25},"end":{"line":48,"column":59}},"14":{"start":{"line":49,"column":4},"end":{"line":49,"column":77}},"15":{"start":{"line":51,"column":21},"end":{"line":56,"column":6}},"16":{"start":{"line":58,"column":25},"end":{"line":58,"column":54}},"17":{"start":{"line":59,"column":4},"end":{"line":59,"column":54}},"18":{"start":{"line":61,"column":4},"end":{"line":65,"column":7}}},"fnMap":{"0":{"name":"readEstate","decl":{"start":{"line":15,"column":22},"end":{"line":15,"column":32}},"loc":{"start":{"line":17,"column":19},"end":{"line":67,"column":1}}}},"branchMap":{"0":{"loc":{"start":{"line":37,"column":4},"end":{"line":39,"column":5}},"type":"if","locations":[{"start":{"line":37,"column":4},"end":{"line":39,"column":5}},{"start":{},"end":{}}]}},"s":{"0":0,"1":0,"2":0,"3":0,"4":0,"5":0,"6":0,"7":0,"8":0,"9":0,"10":0,"11":0,"12":0,"13":0,"14":0,"15":0,"16":0,"17":0,"18":0},"f":{"0":0},"b":{"0":[0,0]}}
,"/Users/hans/dev/n8n-nodes-onoffice-pro/nodes/OnOffice/actions/estate/read/index.ts": {"path":"/Users/hans/dev/n8n-nodes-onoffice-pro/nodes/OnOffice/actions/estate/read/index.ts","statementMap":{"0":{"start":{"line":1,"column":0},"end":{"line":1,"column":23}},"1":{"start":{"line":4,"column":22},"end":{"line":1,"column":50}},"2":{"start":{"line":2,"column":0},"end":{"line":2,"column":34}},"3":{"start":{"line":4,"column":9},"end":{"line":2,"column":69}}},"fnMap":{"0":{"name":"(anonymous_0)","decl":{"start":{"line":4,"column":22},"end":{"line":4,"column":29}},"loc":{"start":{"line":4,"column":22},"end":{"line":1,"column":50}}},"1":{"name":"(anonymous_1)","decl":{"start":{"line":4,"column":9},"end":{"line":4,"column":20}},"loc":{"start":{"line":4,"column":9},"end":{"line":2,"column":69}}}},"branchMap":{},"s":{"0":0,"1":0,"2":0,"3":0},"f":{"0":0,"1":0},"b":{}}
,"/Users/hans/dev/n8n-nodes-onoffice-pro/nodes/OnOffice/actions/relation/index.ts": {"path":"/Users/hans/dev/n8n-nodes-onoffice-pro/nodes/OnOffice/actions/relation/index.ts","statementMap":{"0":{"start":{"line":3,"column":0},"end":{"line":3,"column":29}},"1":{"start":{"line":5,"column":9},"end":{"line":5,"column":12}},"2":{"start":{"line":7,"column":13},"end":{"line":47,"column":2}}},"fnMap":{},"branchMap":{},"s":{"0":0,"1":0,"2":0},"f":{},"b":{}}
,"/Users/hans/dev/n8n-nodes-onoffice-pro/nodes/OnOffice/actions/relation/create/description.ts": {"path":"/Users/hans/dev/n8n-nodes-onoffice-pro/nodes/OnOffice/actions/relation/create/description.ts","statementMap":{"0":{"start":{"line":3,"column":13},"end":{"line":16,"column":2}}},"fnMap":{},"branchMap":{},"s":{"0":0},"f":{},"b":{}}
,"/Users/hans/dev/n8n-nodes-onoffice-pro/nodes/OnOffice/actions/relation/create/index.ts": {"path":"/Users/hans/dev/n8n-nodes-onoffice-pro/nodes/OnOffice/actions/relation/create/index.ts","statementMap":{"0":{"start":{"line":1,"column":0},"end":{"line":1,"column":38}},"1":{"start":{"line":3,"column":9},"end":{"line":1,"column":73}}},"fnMap":{"0":{"name":"(anonymous_0)","decl":{"start":{"line":3,"column":9},"end":{"line":3,"column":20}},"loc":{"start":{"line":3,"column":9},"end":{"line":1,"column":73}}}},"branchMap":{},"s":{"0":0,"1":0},"f":{"0":0},"b":{}}
,"/Users/hans/dev/n8n-nodes-onoffice-pro/nodes/OnOffice/actions/relation/get/description.ts": {"path":"/Users/hans/dev/n8n-nodes-onoffice-pro/nodes/OnOffice/actions/relation/get/description.ts","statementMap":{"0":{"start":{"line":2,"column":0},"end":{"line":2,"column":70}},"1":{"start":{"line":4,"column":13},"end":{"line":51,"column":2}}},"fnMap":{},"branchMap":{},"s":{"0":0,"1":0},"f":{},"b":{}}
,"/Users/hans/dev/n8n-nodes-onoffice-pro/nodes/OnOffice/actions/relation/get/execute.ts": {"path":"/Users/hans/dev/n8n-nodes-onoffice-pro/nodes/OnOffice/actions/relation/get/execute.ts","statementMap":{"0":{"start":{"line":12,"column":0},"end":{"line":12,"column":7}},"1":{"start":{"line":2,"column":0},"end":{"line":2,"column":55}},"2":{"start":{"line":3,"column":0},"end":{"line":3,"column":77}},"3":{"start":{"line":4,"column":0},"end":{"line":4,"column":null}},"4":{"start":{"line":9,"column":0},"end":{"line":9,"column":67}},"5":{"start":{"line":10,"column":0},"end":{"line":10,"column":69}},"6":{"start":{"line":16,"column":2},"end":{"line":77,"column":3}},"7":{"start":{"line":17,"column":25},"end":{"line":17,"column":75}},"8":{"start":{"line":19,"column":28},"end":{"line":23,"column":null}},"9":{"start":{"line":25,"column":27},"end":{"line":29,"column":null}},"10":{"start":{"line":32,"column":32},"end":{"line":32,"column":75}},"11":{"start":{"line":33,"column":31},"end":{"line":33,"column":73}},"12":{"start":{"line":35,"column":43},"end":{"line":37,"column":6}},"13":{"start":{"line":39,"column":4},"end":{"line":41,"column":5}},"14":{"start":{"line":40,"column":6},"end":{"line":40,"column":39}},"15":{"start":{"line":43,"column":4},"end":{"line":45,"column":5}},"16":{"start":{"line":44,"column":6},"end":{"line":44,"column":37}},"17":{"start":{"line":47,"column":4},"end":{"line":53,"column":5}},"18":{"start":{"line":48,"column":6},"end":{"line":52,"column":8}},"19":{"start":{"line":55,"column":4},"end":{"line":61,"column":5}},"20":{"start":{"line":56,"column":6},"end":{"line":60,"column":8}},"21":{"start":{"line":63,"column":21},"end":{"line":67,"column":6}},"22":{"start":{"line":69,"column":25},"end":{"line":69,"column":54}},"23":{"start":{"line":70,"column":4},"end":{"line":70,"column":54}},"24":{"start":{"line":72,"column":4},"end":{"line":76,"column":7}}},"fnMap":{"0":{"name":"getRelation","decl":{"start":{"line":12,"column":22},"end":{"line":12,"column":33}},"loc":{"start":{"line":14,"column":19},"end":{"line":78,"column":1}}}},"branchMap":{"0":{"loc":{"start":{"line":39,"column":4},"end":{"line":41,"column":5}},"type":"if","locations":[{"start":{"line":39,"column":4},"end":{"line":41,"column":5}},{"start":{},"end":{}}]},"1":{"loc":{"start":{"line":43,"column":4},"end":{"line":45,"column":5}},"type":"if","locations":[{"start":{"line":43,"column":4},"end":{"line":45,"column":5}},{"start":{},"end":{}}]},"2":{"loc":{"start":{"line":47,"column":4},"end":{"line":53,"column":5}},"type":"if","locations":[{"start":{"line":47,"column":4},"end":{"line":53,"column":5}},{"start":{},"end":{}}]},"3":{"loc":{"start":{"line":47,"column":8},"end":{"line":47,"column":55}},"type":"binary-expr","locations":[{"start":{"line":47,"column":8},"end":{"line":47,"column":30}},{"start":{"line":47,"column":34},"end":{"line":47,"column":55}}]},"4":{"loc":{"start":{"line":55,"column":4},"end":{"line":61,"column":5}},"type":"if","locations":[{"start":{"line":55,"column":4},"end":{"line":61,"column":5}},{"start":{},"end":{}}]},"5":{"loc":{"start":{"line":55,"column":8},"end":{"line":55,"column":51}},"type":"binary-expr","locations":[{"start":{"line":55,"column":8},"end":{"line":55,"column":28}},{"start":{"line":55,"column":32},"end":{"line":55,"column":51}}]}},"s":{"0":0,"1":0,"2":0,"3":0,"4":0,"5":0,"6":0,"7":0,"8":0,"9":0,"10":0,"11":0,"12":0,"13":0,"14":0,"15":0,"16":0,"17":0,"18":0,"19":0,"20":0,"21":0,"22":0,"23":0,"24":0},"f":{"0":0},"b":{"0":[0,0],"1":[0,0],"2":[0,0],"3":[0,0],"4":[0,0],"5":[0,0]}}
,"/Users/hans/dev/n8n-nodes-onoffice-pro/nodes/OnOffice/actions/relation/get/index.ts": {"path":"/Users/hans/dev/n8n-nodes-onoffice-pro/nodes/OnOffice/actions/relation/get/index.ts","statementMap":{"0":{"start":{"line":1,"column":0},"end":{"line":1,"column":24}},"1":{"start":{"line":4,"column":22},"end":{"line":1,"column":51}},"2":{"start":{"line":2,"column":0},"end":{"line":2,"column":35}},"3":{"start":{"line":4,"column":9},"end":{"line":2,"column":70}}},"fnMap":{"0":{"name":"(anonymous_0)","decl":{"start":{"line":4,"column":22},"end":{"line":4,"column":29}},"loc":{"start":{"line":4,"column":22},"end":{"line":1,"column":51}}},"1":{"name":"(anonymous_1)","decl":{"start":{"line":4,"column":9},"end":{"line":4,"column":20}},"loc":{"start":{"line":4,"column":9},"end":{"line":2,"column":70}}}},"branchMap":{},"s":{"0":0,"1":0,"2":0,"3":0},"f":{"0":0,"1":0},"b":{}}
,"/Users/hans/dev/n8n-nodes-onoffice-pro/nodes/OnOffice/actions/settings/index.ts": {"path":"/Users/hans/dev/n8n-nodes-onoffice-pro/nodes/OnOffice/actions/settings/index.ts","statementMap":{"0":{"start":{"line":3,"column":0},"end":{"line":3,"column":31}},"1":{"start":{"line":5,"column":9},"end":{"line":5,"column":13}},"2":{"start":{"line":7,"column":13},"end":{"line":33,"column":2}}},"fnMap":{},"branchMap":{},"s":{"0":0,"1":0,"2":0},"f":{},"b":{}}
,"/Users/hans/dev/n8n-nodes-onoffice-pro/nodes/OnOffice/actions/settings/create/description.ts": {"path":"/Users/hans/dev/n8n-nodes-onoffice-pro/nodes/OnOffice/actions/settings/create/description.ts","statementMap":{"0":{"start":{"line":3,"column":13},"end":{"line":16,"column":2}}},"fnMap":{},"branchMap":{},"s":{"0":0},"f":{},"b":{}}
,"/Users/hans/dev/n8n-nodes-onoffice-pro/nodes/OnOffice/actions/settings/create/index.ts": {"path":"/Users/hans/dev/n8n-nodes-onoffice-pro/nodes/OnOffice/actions/settings/create/index.ts","statementMap":{"0":{"start":{"line":1,"column":0},"end":{"line":1,"column":38}},"1":{"start":{"line":3,"column":9},"end":{"line":1,"column":73}}},"fnMap":{"0":{"name":"(anonymous_0)","decl":{"start":{"line":3,"column":9},"end":{"line":3,"column":20}},"loc":{"start":{"line":3,"column":9},"end":{"line":1,"column":73}}}},"branchMap":{},"s":{"0":0,"1":0},"f":{"0":0},"b":{}}
,"/Users/hans/dev/n8n-nodes-onoffice-pro/nodes/OnOffice/actions/settings/read/description.ts": {"path":"/Users/hans/dev/n8n-nodes-onoffice-pro/nodes/OnOffice/actions/settings/read/description.ts","statementMap":{"0":{"start":{"line":3,"column":13},"end":{"line":16,"column":2}}},"fnMap":{},"branchMap":{},"s":{"0":0},"f":{},"b":{}}
,"/Users/hans/dev/n8n-nodes-onoffice-pro/nodes/OnOffice/actions/settings/read/index.ts": {"path":"/Users/hans/dev/n8n-nodes-onoffice-pro/nodes/OnOffice/actions/settings/read/index.ts","statementMap":{"0":{"start":{"line":1,"column":0},"end":{"line":1,"column":36}},"1":{"start":{"line":3,"column":9},"end":{"line":1,"column":71}}},"fnMap":{"0":{"name":"(anonymous_0)","decl":{"start":{"line":3,"column":9},"end":{"line":3,"column":20}},"loc":{"start":{"line":3,"column":9},"end":{"line":1,"column":71}}}},"branchMap":{},"s":{"0":0,"1":0},"f":{"0":0},"b":{}}
,"/Users/hans/dev/n8n-nodes-onoffice-pro/nodes/OnOffice/actions/templates/index.ts": {"path":"/Users/hans/dev/n8n-nodes-onoffice-pro/nodes/OnOffice/actions/templates/index.ts","statementMap":{"0":{"start":{"line":2,"column":0},"end":{"line":2,"column":38}},"1":{"start":{"line":4,"column":9},"end":{"line":4,"column":21}},"2":{"start":{"line":6,"column":13},"end":{"line":28,"column":2}}},"fnMap":{},"branchMap":{},"s":{"0":0,"1":0,"2":0},"f":{},"b":{}}
,"/Users/hans/dev/n8n-nodes-onoffice-pro/nodes/OnOffice/actions/templates/get/description.ts": {"path":"/Users/hans/dev/n8n-nodes-onoffice-pro/nodes/OnOffice/actions/templates/get/description.ts","statementMap":{"0":{"start":{"line":3,"column":13},"end":{"line":113,"column":2}}},"fnMap":{},"branchMap":{},"s":{"0":0},"f":{},"b":{}}
,"/Users/hans/dev/n8n-nodes-onoffice-pro/nodes/OnOffice/actions/templates/get/execute.ts": {"path":"/Users/hans/dev/n8n-nodes-onoffice-pro/nodes/OnOffice/actions/templates/get/execute.ts","statementMap":{"0":{"start":{"line":12,"column":0},"end":{"line":12,"column":7}},"1":{"start":{"line":2,"column":0},"end":{"line":2,"column":55}},"2":{"start":{"line":3,"column":0},"end":{"line":3,"column":77}},"3":{"start":{"line":4,"column":0},"end":{"line":4,"column":68}},"4":{"start":{"line":6,"column":0},"end":{"line":6,"column":null}},"5":{"start":{"line":10,"column":0},"end":{"line":10,"column":69}},"6":{"start":{"line":16,"column":2},"end":{"line":51,"column":3}},"7":{"start":{"line":17,"column":17},"end":{"line":17,"column":59}},"8":{"start":{"line":18,"column":43},"end":{"line":20,"column":6}},"9":{"start":{"line":22,"column":29},"end":{"line":26,"column":null}},"10":{"start":{"line":29,"column":4},"end":{"line":35,"column":5}},"11":{"start":{"line":30,"column":6},"end":{"line":34,"column":7}},"12":{"start":{"line":31,"column":8},"end":{"line":31,"column":71}},"13":{"start":{"line":32,"column":13},"end":{"line":34,"column":7}},"14":{"start":{"line":33,"column":9},"end":{"line":33,"column":61}},"15":{"start":{"line":37,"column":21},"end":{"line":41,"column":6}},"16":{"start":{"line":43,"column":25},"end":{"line":43,"column":54}},"17":{"start":{"line":44,"column":4},"end":{"line":44,"column":54}},"18":{"start":{"line":46,"column":4},"end":{"line":50,"column":7}}},"fnMap":{"0":{"name":"getTemplates","decl":{"start":{"line":12,"column":22},"end":{"line":12,"column":34}},"loc":{"start":{"line":14,"column":19},"end":{"line":52,"column":1}}}},"branchMap":{"0":{"loc":{"start":{"line":30,"column":6},"end":{"line":34,"column":7}},"type":"if","locations":[{"start":{"line":30,"column":6},"end":{"line":34,"column":7}},{"start":{"line":32,"column":13},"end":{"line":34,"column":7}}]},"1":{"loc":{"start":{"line":30,"column":10},"end":{"line":30,"column":64}},"type":"binary-expr","locations":[{"start":{"line":30,"column":10},"end":{"line":30,"column":35}},{"start":{"line":30,"column":39},"end":{"line":30,"column":64}}]},"2":{"loc":{"start":{"line":32,"column":13},"end":{"line":34,"column":7}},"type":"if","locations":[{"start":{"line":32,"column":13},"end":{"line":34,"column":7}},{"start":{},"end":{}}]}},"s":{"0":0,"1":0,"2":0,"3":0,"4":0,"5":0,"6":0,"7":0,"8":0,"9":0,"10":0,"11":0,"12":0,"13":0,"14":0,"15":0,"16":0,"17":0,"18":0},"f":{"0":0},"b":{"0":[0,0],"1":[0,0],"2":[0,0]}}
,"/Users/hans/dev/n8n-nodes-onoffice-pro/nodes/OnOffice/actions/templates/get/index.ts": {"path":"/Users/hans/dev/n8n-nodes-onoffice-pro/nodes/OnOffice/actions/templates/get/index.ts","statementMap":{"0":{"start":{"line":1,"column":0},"end":{"line":1,"column":25}},"1":{"start":{"line":4,"column":22},"end":{"line":1,"column":52}},"2":{"start":{"line":2,"column":0},"end":{"line":2,"column":36}},"3":{"start":{"line":4,"column":9},"end":{"line":2,"column":71}}},"fnMap":{"0":{"name":"(anonymous_0)","decl":{"start":{"line":4,"column":22},"end":{"line":4,"column":29}},"loc":{"start":{"line":4,"column":22},"end":{"line":1,"column":52}}},"1":{"name":"(anonymous_1)","decl":{"start":{"line":4,"column":9},"end":{"line":4,"column":20}},"loc":{"start":{"line":4,"column":9},"end":{"line":2,"column":71}}}},"branchMap":{},"s":{"0":0,"1":0,"2":0,"3":0},"f":{"0":0,"1":0},"b":{}}
,"/Users/hans/dev/n8n-nodes-onoffice-pro/nodes/OnOffice/utils/actionIds.ts": {"path":"/Users/hans/dev/n8n-nodes-onoffice-pro/nodes/OnOffice/utils/actionIds.ts","statementMap":{"0":{"start":{"line":17,"column":20},"end":{"line":17,"column":31}},"1":{"start":{"line":1,"column":45},"end":{"line":8,"column":2}},"2":{"start":{"line":17,"column":9},"end":{"line":17,"column":18}},"3":{"start":{"line":11,"column":1},"end":{"line":13,"column":2}},"4":{"start":{"line":12,"column":2},"end":{"line":12,"column":25}},"5":{"start":{"line":14,"column":1},"end":{"line":14,"column":29}}},"fnMap":{"0":{"name":"getActionId","decl":{"start":{"line":10,"column":9},"end":{"line":10,"column":20}},"loc":{"start":{"line":10,"column":38},"end":{"line":15,"column":1}}}},"branchMap":{"0":{"loc":{"start":{"line":11,"column":1},"end":{"line":13,"column":2}},"type":"if","locations":[{"start":{"line":11,"column":1},"end":{"line":13,"column":2}},{"start":{},"end":{}}]}},"s":{"0":0,"1":0,"2":0,"3":0,"4":0,"5":0},"f":{"0":0},"b":{"0":[0,0]}}
,"/Users/hans/dev/n8n-nodes-onoffice-pro/nodes/OnOffice/utils/actionRegistry.ts": {"path":"/Users/hans/dev/n8n-nodes-onoffice-pro/nodes/OnOffice/utils/actionRegistry.ts","statementMap":{"0":{"start":{"line":20,"column":0},"end":{"line":20,"column":16}},"1":{"start":{"line":32,"column":0},"end":{"line":32,"column":16}},"2":{"start":{"line":39,"column":0},"end":{"line":39,"column":7}},"3":{"start":{"line":58,"column":0},"end":{"line":58,"column":16}},"4":{"start":{"line":62,"column":0},"end":{"line":62,"column":16}},"5":{"start":{"line":1,"column":0},"end":{"line":1,"column":null}},"6":{"start":{"line":18,"column":39},"end":{"line":18,"column":41}},"7":{"start":{"line":25,"column":2},"end":{"line":27,"column":3}},"8":{"start":{"line":26,"column":4},"end":{"line":26,"column":34}},"9":{"start":{"line":29,"column":2},"end":{"line":29,"column":48}},"10":{"start":{"line":36,"column":2},"end":{"line":36,"column":47}},"11":{"start":{"line":45,"column":18},"end":{"line":45,"column":55}},"12":{"start":{"line":47,"column":2},"end":{"line":53,"column":3}},"13":{"start":{"line":48,"column":4},"end":{"line":52,"column":6}},"14":{"start":{"line":55,"column":2},"end":{"line":55,"column":48}},"15":{"start":{"line":59,"column":2},"end":{"line":59,"column":37}},"16":{"start":{"line":63,"column":2},"end":{"line":63,"column":53}}},"fnMap":{"0":{"name":"registerAction","decl":{"start":{"line":20,"column":16},"end":{"line":20,"column":30}},"loc":{"start":{"line":23,"column":24},"end":{"line":30,"column":1}}},"1":{"name":"getActionHandler","decl":{"start":{"line":32,"column":16},"end":{"line":32,"column":32}},"loc":{"start":{"line":34,"column":19},"end":{"line":37,"column":1}}},"2":{"name":"executeAction","decl":{"start":{"line":39,"column":22},"end":{"line":39,"column":35}},"loc":{"start":{"line":43,"column":19},"end":{"line":56,"column":1}}},"3":{"name":"getRegisteredResources","decl":{"start":{"line":58,"column":16},"end":{"line":58,"column":38}},"loc":{"start":{"line":58,"column":38},"end":{"line":60,"column":1}}},"4":{"name":"getRegisteredOperations","decl":{"start":{"line":62,"column":16},"end":{"line":62,"column":39}},"loc":{"start":{"line":62,"column":56},"end":{"line":64,"column":1}}}},"branchMap":{"0":{"loc":{"start":{"line":25,"column":2},"end":{"line":27,"column":3}},"type":"if","locations":[{"start":{"line":25,"column":2},"end":{"line":27,"column":3}},{"start":{},"end":{}}]},"1":{"loc":{"start":{"line":36,"column":9},"end":{"line":36,"column":46}},"type":"cond-expr","locations":[{"start":{"line":36,"column":33},"end":{"line":36,"column":36}},{"start":{"line":36,"column":33},"end":{"line":36,"column":46}}]},"2":{"loc":{"start":{"line":36,"column":9},"end":{"line":36,"column":36}},"type":"binary-expr","locations":[{"start":{"line":36,"column":9},"end":{"line":36,"column":36}},{"start":{"line":36,"column":33},"end":{"line":36,"column":36}}]},"3":{"loc":{"start":{"line":47,"column":2},"end":{"line":53,"column":3}},"type":"if","locations":[{"start":{"line":47,"column":2},"end":{"line":53,"column":3}},{"start":{},"end":{}}]},"4":{"loc":{"start":{"line":63,"column":21},"end":{"line":63,"column":51}},"type":"binary-expr","locations":[{"start":{"line":63,"column":21},"end":{"line":63,"column":45}},{"start":{"line":63,"column":49},"end":{"line":63,"column":51}}]}},"s":{"0":0,"1":0,"2":0,"3":0,"4":0,"5":0,"6":0,"7":0,"8":0,"9":0,"10":0,"11":0,"12":0,"13":0,"14":0,"15":0,"16":0},"f":{"0":0,"1":0,"2":0,"3":0,"4":0},"b":{"0":[0,0],"1":[0,0],"2":[0,0],"3":[0,0],"4":[0,0]}}
,"/Users/hans/dev/n8n-nodes-onoffice-pro/nodes/OnOffice/utils/apiRequest.ts": {"path":"/Users/hans/dev/n8n-nodes-onoffice-pro/nodes/OnOffice/utils/apiRequest.ts","statementMap":{"0":{"start":{"line":11,"column":0},"end":{"line":11,"column":7}},"1":{"start":{"line":1,"column":0},"end":{"line":1,"column":null}},"2":{"start":{"line":6,"column":0},"end":{"line":6,"column":42}},"3":{"start":{"line":7,"column":0},"end":{"line":7,"column":38}},"4":{"start":{"line":8,"column":0},"end":{"line":8,"column":38}},"5":{"start":{"line":15,"column":67},"end":{"line":15,"column":74}},"6":{"start":{"line":17,"column":22},"end":{"line":17,"column":62}},"7":{"start":{"line":18,"column":2},"end":{"line":23,"column":3}},"8":{"start":{"line":19,"column":4},"end":{"line":22,"column":6}},"9":{"start":{"line":25,"column":20},"end":{"line":25,"column":49}},"10":{"start":{"line":26,"column":19},"end":{"line":26,"column":41}},"11":{"start":{"line":28,"column":2},"end":{"line":33,"column":3}},"12":{"start":{"line":29,"column":4},"end":{"line":32,"column":6}},"13":{"start":{"line":35,"column":24},"end":{"line":40,"column":null}},"14":{"start":{"line":43,"column":35},"end":{"line":52,"column":4}},"15":{"start":{"line":54,"column":39},"end":{"line":62,"column":4}},"16":{"start":{"line":64,"column":2},"end":{"line":73,"column":3}},"17":{"start":{"line":66,"column":7},"end":{"line":66,"column":42}},"18":{"start":{"line":67,"column":4},"end":{"line":67,"column":20}},"19":{"start":{"line":69,"column":4},"end":{"line":72,"column":6}}},"fnMap":{"0":{"name":"apiRequest","decl":{"start":{"line":11,"column":22},"end":{"line":11,"column":32}},"loc":{"start":{"line":13,"column":28},"end":{"line":74,"column":1}}}},"branchMap":{"0":{"loc":{"start":{"line":15,"column":47},"end":{"line":15,"column":62}},"type":"default-arg","locations":[{"start":{"line":15,"column":60},"end":{"line":15,"column":62}}]},"1":{"loc":{"start":{"line":18,"column":2},"end":{"line":23,"column":3}},"type":"if","locations":[{"start":{"line":18,"column":2},"end":{"line":23,"column":3}},{"start":{},"end":{}}]},"2":{"loc":{"start":{"line":28,"column":2},"end":{"line":33,"column":3}},"type":"if","locations":[{"start":{"line":28,"column":2},"end":{"line":33,"column":3}},{"start":{},"end":{}}]}},"s":{"0":0,"1":0,"2":0,"3":0,"4":0,"5":0,"6":0,"7":0,"8":0,"9":0,"10":0,"11":0,"12":0,"13":0,"14":0,"15":0,"16":0,"17":0,"18":0,"19":0},"f":{"0":0},"b":{"0":[0],"1":[0,0],"2":[0,0]}}
,"/Users/hans/dev/n8n-nodes-onoffice-pro/nodes/OnOffice/utils/constants.ts": {"path":"/Users/hans/dev/n8n-nodes-onoffice-pro/nodes/OnOffice/utils/constants.ts","statementMap":{"0":{"start":{"line":1,"column":13},"end":{"line":1,"column":68}}},"fnMap":{},"branchMap":{},"s":{"0":0},"f":{},"b":{}}
,"/Users/hans/dev/n8n-nodes-onoffice-pro/nodes/OnOffice/utils/errorHandling.ts": {"path":"/Users/hans/dev/n8n-nodes-onoffice-pro/nodes/OnOffice/utils/errorHandling.ts","statementMap":{"0":{"start":{"line":10,"column":0},"end":{"line":10,"column":16}},"1":{"start":{"line":34,"column":0},"end":{"line":34,"column":16}},"2":{"start":{"line":46,"column":0},"end":{"line":46,"column":16}},"3":{"start":{"line":58,"column":0},"end":{"line":58,"column":16}},"4":{"start":{"line":1,"column":0},"end":{"line":1,"column":69}},"5":{"start":{"line":15,"column":18},"end":{"line":15,"column":48}},"6":{"start":{"line":16,"column":20},"end":{"line":16,"column":43}},"7":{"start":{"line":18,"column":21},"end":{"line":18,"column":57}},"8":{"start":{"line":20,"column":2},"end":{"line":23,"column":3}},"9":{"start":{"line":21,"column":4},"end":{"line":22,"column":78}},"10":{"start":{"line":25,"column":2},"end":{"line":25,"column":33}},"11":{"start":{"line":27,"column":2},"end":{"line":31,"column":4}},"12":{"start":{"line":39,"column":2},"end":{"line":43,"column":4}},"13":{"start":{"line":51,"column":2},"end":{"line":55,"column":4}},"14":{"start":{"line":64,"column":2},"end":{"line":68,"column":4}}},"fnMap":{"0":{"name":"handleExecutionError","decl":{"start":{"line":10,"column":16},"end":{"line":10,"column":36}},"loc":{"start":{"line":13,"column":29},"end":{"line":32,"column":1}}},"1":{"name":"throwValidationError","decl":{"start":{"line":34,"column":16},"end":{"line":34,"column":36}},"loc":{"start":{"line":37,"column":20},"end":{"line":44,"column":1}}},"2":{"name":"throwMissingParameterError","decl":{"start":{"line":46,"column":16},"end":{"line":46,"column":42}},"loc":{"start":{"line":49,"column":20},"end":{"line":56,"column":1}}},"3":{"name":"throwInvalidParameterError","decl":{"start":{"line":58,"column":16},"end":{"line":58,"column":42}},"loc":{"start":{"line":62,"column":20},"end":{"line":69,"column":1}}}},"branchMap":{"0":{"loc":{"start":{"line":15,"column":18},"end":{"line":15,"column":48}},"type":"binary-expr","locations":[{"start":{"line":15,"column":18},"end":{"line":15,"column":31}},{"start":{"line":15,"column":35},"end":{"line":15,"column":48}}]},"1":{"loc":{"start":{"line":16,"column":20},"end":{"line":16,"column":43}},"type":"cond-expr","locations":[{"start":{"line":16,"column":32},"end":{"line":16,"column":34}},{"start":{"line":16,"column":20},"end":{"line":16,"column":43}}]},"2":{"loc":{"start":{"line":16,"column":20},"end":{"line":16,"column":34}},"type":"binary-expr","locations":[{"start":{"line":16,"column":20},"end":{"line":16,"column":34}},{"start":{"line":16,"column":20},"end":{"line":16,"column":34}}]},"3":{"loc":{"start":{"line":20,"column":2},"end":{"line":23,"column":3}},"type":"if","locations":[{"start":{"line":20,"column":2},"end":{"line":23,"column":3}},{"start":{},"end":{}}]},"4":{"loc":{"start":{"line":20,"column":6},"end":{"line":20,"column":57}},"type":"binary-expr","locations":[{"start":{"line":20,"column":6},"end":{"line":20,"column":28}},{"start":{"line":20,"column":32},"end":{"line":20,"column":55}}]},"5":{"loc":{"start":{"line":20,"column":6},"end":{"line":20,"column":28}},"type":"cond-expr","locations":[{"start":{"line":20,"column":18},"end":{"line":20,"column":20}},{"start":{"line":20,"column":6},"end":{"line":20,"column":28}}]},"6":{"loc":{"start":{"line":20,"column":6},"end":{"line":20,"column":20}},"type":"binary-expr","locations":[{"start":{"line":20,"column":6},"end":{"line":20,"column":20}},{"start":{"line":20,"column":6},"end":{"line":20,"column":20}}]},"7":{"loc":{"start":{"line":20,"column":32},"end":{"line":20,"column":55}},"type":"cond-expr","locations":[{"start":{"line":20,"column":44},"end":{"line":20,"column":46}},{"start":{"line":20,"column":32},"end":{"line":20,"column":55}}]},"8":{"loc":{"start":{"line":20,"column":32},"end":{"line":20,"column":46}},"type":"binary-expr","locations":[{"start":{"line":20,"column":32},"end":{"line":20,"column":46}},{"start":{"line":20,"column":32},"end":{"line":20,"column":46}}]},"9":{"loc":{"start":{"line":30,"column":4},"end":{"line":30,"column":55}},"type":"cond-expr","locations":[{"start":{"line":30,"column":30},"end":{"line":30,"column":43}},{"start":{"line":30,"column":46},"end":{"line":30,"column":55}}]},"10":{"loc":{"start":{"line":42,"column":4},"end":{"line":42,"column":55}},"type":"cond-expr","locations":[{"start":{"line":42,"column":30},"end":{"line":42,"column":43}},{"start":{"line":42,"column":46},"end":{"line":42,"column":55}}]},"11":{"loc":{"start":{"line":54,"column":4},"end":{"line":54,"column":55}},"type":"cond-expr","locations":[{"start":{"line":54,"column":30},"end":{"line":54,"column":43}},{"start":{"line":54,"column":46},"end":{"line":54,"column":55}}]},"12":{"loc":{"start":{"line":67,"column":4},"end":{"line":67,"column":55}},"type":"cond-expr","locations":[{"start":{"line":67,"column":30},"end":{"line":67,"column":43}},{"start":{"line":67,"column":46},"end":{"line":67,"column":55}}]}},"s":{"0":1,"1":1,"2":1,"3":1,"4":1,"5":4,"6":4,"7":4,"8":4,"9":3,"10":4,"11":4,"12":3,"13":3,"14":6},"f":{"0":4,"1":3,"2":3,"3":6},"b":{"0":[4,0],"1":[1,3],"2":[4,4],"3":[3,1],"4":[4,3],"5":[1,3],"6":[4,4],"7":[0,3],"8":[3,3],"9":[3,1],"10":[2,1],"11":[2,1],"12":[5,1]}}
,"/Users/hans/dev/n8n-nodes-onoffice-pro/nodes/OnOffice/utils/hmac.ts": {"path":"/Users/hans/dev/n8n-nodes-onoffice-pro/nodes/OnOffice/utils/hmac.ts","statementMap":{"0":{"start":{"line":3,"column":0},"end":{"line":3,"column":16}},"1":{"start":{"line":1,"column":0},"end":{"line":1,"column":36}},"2":{"start":{"line":10,"column":21},"end":{"line":10,"column":69}},"3":{"start":{"line":11,"column":14},"end":{"line":11,"column":42}},"4":{"start":{"line":12,"column":1},"end":{"line":12,"column":26}},"5":{"start":{"line":13,"column":1},"end":{"line":13,"column":30}}},"fnMap":{"0":{"name":"generateHmac","decl":{"start":{"line":3,"column":16},"end":{"line":3,"column":28}},"loc":{"start":{"line":8,"column":17},"end":{"line":14,"column":1}}}},"branchMap":{},"s":{"0":1,"1":1,"2":28,"3":28,"4":28,"5":28},"f":{"0":28},"b":{}}
[...]
e":143,"column":47}}]},"24":{"loc":{"start":{"line":146,"column":45},"end":{"line":146,"column":69}},"type":"default-arg","locations":[{"start":{"line":146,"column":68},"end":{"line":146,"column":69}}]},"25":{"loc":{"start":{"line":148,"column":9},"end":{"line":148,"column":40}},"type":"cond-expr","locations":[{"start":{"line":148,"column":22},"end":{"line":148,"column":34}},{"start":{"line":148,"column":37},"end":{"line":148,"column":40}}]},"26":{"loc":{"start":{"line":153,"column":2},"end":{"line":153,"column":31}},"type":"default-arg","locations":[{"start":{"line":153,"column":26},"end":{"line":153,"column":31}}]},"27":{"loc":{"start":{"line":155,"column":2},"end":{"line":157,"column":3}},"type":"if","locations":[{"start":{"line":155,"column":2},"end":{"line":157,"column":3}},{"start":{},"end":{}}]},"28":{"loc":{"start":{"line":158,"column":2},"end":{"line":160,"column":3}},"type":"if","locations":[{"start":{"line":158,"column":2},"end":{"line":160,"column":3}},{"start":{},"end":{}}]},"29":{"loc":{"start":{"line":166,"column":2},"end":{"line":166,"column":24}},"type":"default-arg","locations":[{"start":{"line":166,"column":22},"end":{"line":166,"column":24}}]},"30":{"loc":{"start":{"line":168,"column":9},"end":{"line":168,"column":52}},"type":"cond-expr","locations":[{"start":{"line":168,"column":32},"end":{"line":168,"column":37}},{"start":{"line":168,"column":40},"end":{"line":168,"column":52}}]},"31":{"loc":{"start":{"line":173,"column":2},"end":{"line":173,"column":32}},"type":"default-arg","locations":[{"start":{"line":173,"column":30},"end":{"line":173,"column":32}}]},"32":{"loc":{"start":{"line":175,"column":9},"end":{"line":175,"column":47}},"type":"cond-expr","locations":[{"start":{"line":175,"column":27},"end":{"line":175,"column":32}},{"start":{"line":175,"column":35},"end":{"line":175,"column":47}}]}},"s":{"0":1,"1":1,"2":1,"3":1,"4":1,"5":1,"6":1,"7":1,"8":1,"9":1,"10":1,"11":1,"12":1,"13":1,"14":1,"15":1,"16":1,"17":1,"18":1,"19":10,"20":10,"21":11,"22":11,"23":9,"24":9,"25":0,"26":0,"27":0,"28":0,"29":0,"30":0,"31":0,"32":0,"33":0,"34":0,"35":0,"36":0,"37":0,"38":0,"39":0,"40":0,"41":0,"42":0,"43":0,"44":0,"45":0,"46":0,"47":0,"48":0,"49":0,"50":0,"51":0,"52":0,"53":0,"54":0,"55":0,"56":0,"57":0,"58":0,"59":0,"60":0,"61":0},"f":{"0":10,"1":11,"2":9,"3":0,"4":0,"5":0,"6":0,"7":0,"8":0,"9":0,"10":0,"11":0,"12":0,"13":0,"14":0,"15":0,"16":0,"17":0,"18":0,"19":0,"20":0,"21":0},"b":{"0":[0],"1":[7,3],"2":[0],"3":[6,5],"4":[0],"5":[0],"6":[0,0],"7":[0,0],"8":[0],"9":[0,0],"10":[0,0],"11":[0,0],"12":[0,0],"13":[0,0],"14":[0,0],"15":[0,0],"16":[0,0],"17":[0,0],"18":[0,0,0],"19":[0,0],"20":[0,0],"21":[0,0],"22":[0],"23":[0,0],"24":[0],"25":[0,0],"26":[0],"27":[0,0],"28":[0,0],"29":[0],"30":[0,0],"31":[0],"32":[0,0]}}
,"/Users/hans/dev/n8n-nodes-onoffice-pro/nodes/OnOffice/utils/registerActions.ts": {"path":"/Users/hans/dev/n8n-nodes-onoffice-pro/nodes/OnOffice/utils/registerActions.ts","statementMap":{"0":{"start":{"line":20,"column":0},"end":{"line":20,"column":16}},"1":{"start":{"line":1,"column":0},"end":{"line":1,"column":50}},"2":{"start":{"line":3,"column":0},"end":{"line":3,"column":62}},"3":{"start":{"line":4,"column":0},"end":{"line":4,"column":66}},"4":{"start":{"line":6,"column":0},"end":{"line":6,"column":66}},"5":{"start":{"line":8,"column":0},"end":{"line":8,"column":71}},"6":{"start":{"line":9,"column":0},"end":{"line":9,"column":75}},"7":{"start":{"line":10,"column":0},"end":{"line":10,"column":75}},"8":{"start":{"line":12,"column":0},"end":{"line":12,"column":55}},"9":{"start":{"line":14,"column":0},"end":{"line":14,"column":60}},"10":{"start":{"line":16,"column":0},"end":{"line":16,"column":62}},"11":{"start":{"line":18,"column":0},"end":{"line":18,"column":64}},"12":{"start":{"line":21,"column":2},"end":{"line":21,"column":49}},"13":{"start":{"line":22,"column":2},"end":{"line":22,"column":53}},"14":{"start":{"line":24,"column":2},"end":{"line":24,"column":53}},"15":{"start":{"line":26,"column":2},"end":{"line":26,"column":58}},"16":{"start":{"line":27,"column":2},"end":{"line":27,"column":62}},"17":{"start":{"line":28,"column":2},"end":{"line":28,"column":62}},"18":{"start":{"line":30,"column":2},"end":{"line":30,"column":48}},"19":{"start":{"line":32,"column":2},"end":{"line":32,"column":47}},"20":{"start":{"line":34,"column":2},"end":{"line":34,"column":49}},"21":{"start":{"line":36,"column":2},"end":{"line":36,"column":51}}},"fnMap":{"0":{"name":"registerAllActions","decl":{"start":{"line":20,"column":16},"end":{"line":20,"column":34}},"loc":{"start":{"line":20,"column":34},"end":{"line":37,"column":1}}}},"branchMap":{},"s":{"0":0,"1":0,"2":0,"3":0,"4":0,"5":0,"6":0,"7":0,"8":0,"9":0,"10":0,"11":0,"12":0,"13":0,"14":0,"15":0,"16":0,"17":0,"18":0,"19":0,"20":0,"21":0},"f":{"0":0},"b":{}}
,"/Users/hans/dev/n8n-nodes-onoffice-pro/nodes/OnOffice/utils/relationTypes.ts": {"path":"/Users/hans/dev/n8n-nodes-onoffice-pro/nodes/OnOffice/utils/relationTypes.ts","statementMap":{"0":{"start":{"line":4,"column":0},"end":{"line":4,"column":16}},"1":{"start":{"line":2,"column":0},"end":{"line":2,"column":41}},"2":{"start":{"line":5,"column":42},"end":{"line":5,"column":44}},"3":{"start":{"line":7,"column":2},"end":{"line":15,"column":3}},"4":{"start":{"line":8,"column":4},"end":{"line":14,"column":5}},"5":{"start":{"line":9,"column":6},"end":{"line":13,"column":9}},"6":{"start":{"line":17,"column":2},"end":{"line":17,"column":17}}},"fnMap":{"0":{"name":"getRelationTypeOptions","decl":{"start":{"line":4,"column":16},"end":{"line":4,"column":38}},"loc":{"start":{"line":4,"column":38},"end":{"line":18,"column":1}}}},"branchMap":{},"s":{"0":1,"1":1,"2":14,"3":14,"4":238,"5":868,"6":14},"f":{"0":14},"b":{}}
,"/Users/hans/dev/n8n-nodes-onoffice-pro/nodes/OnOffice/utils/responseHandler.ts": {"path":"/Users/hans/dev/n8n-nodes-onoffice-pro/nodes/OnOffice/utils/responseHandler.ts","statementMap":{"0":{"start":{"line":4,"column":0},"end":{"line":4,"column":16}},"1":{"start":{"line":63,"column":0},"end":{"line":63,"column":16}},"2":{"start":{"line":67,"column":0},"end":{"line":67,"column":16}},"3":{"start":{"line":7,"column":2},"end":{"line":9,"column":3}},"4":{"start":{"line":8,"column":4},"end":{"line":8,"column":14}},"5":{"start":{"line":11,"column":2},"end":{"line":11,"column":30}},"6":{"start":{"line":13,"column":2},"end":{"line":33,"column":3}},"7":{"start":{"line":14,"column":20},"end":{"line":14,"column":45}},"8":{"start":{"line":16,"column":4},"end":{"line":18,"column":5}},"9":{"start":{"line":17,"column":6},"end":{"line":17,"column":16}},"10":{"start":{"line":20,"column":4},"end":{"line":22,"column":5}},"11":{"start":{"line":21,"column":6},"end":{"line":21,"column":29}},"12":{"start":{"line":24,"column":35},"end":{"line":24,"column":37}},"13":{"start":{"line":25,"column":4},"end":{"line":31,"column":5}},"14":{"start":{"line":26,"column":6},"end":{"line":30,"column":7}},"15":{"start":{"line":27,"column":8},"end":{"line":27,"column":37}},"16":{"start":{"line":28,"column":13},"end":{"line":30,"column":7}},"17":{"start":{"line":29,"column":8},"end":{"line":29,"column":49}},"18":{"start":{"line":32,"column":4},"end":{"line":32,"column":45}},"19":{"start":{"line":35,"column":2},"end":{"line":35,"column":12}},"20":{"start":{"line":39,"column":2},"end":{"line":41,"column":3}},"21":{"start":{"line":40,"column":4},"end":{"line":40,"column":11}},"22":{"start":{"line":43,"column":2},"end":{"line":48,"column":3}},"23":{"start":{"line":44,"column":25},"end":{"line":44,"column":71}},"24":{"start":{"line":45,"column":4},"end":{"line":47,"column":6}},"25":{"start":{"line":50,"column":2},"end":{"line":60,"column":3}},"26":{"start":{"line":51,"column":4},"end":{"line":59,"column":5}},"27":{"start":{"line":52,"column":6},"end":{"line":58,"column":7}},"28":{"start":{"line":53,"column":29},"end":{"line":54,"column":39}},"29":{"start":{"line":55,"column":8},"end":{"line":57,"column":10}},"30":{"start":{"line":64,"column":2},"end":{"line":64,"column":72}},"31":{"start":{"line":70,"column":2},"end":{"line":72,"column":3}},"32":{"start":{"line":71,"column":4},"end":{"line":71,"column":59}},"33":{"start":{"line":74,"column":2},"end":{"line":76,"column":3}},"34":{"start":{"line":75,"column":4},"end":{"line":75,"column":38}},"35":{"start":{"line":78,"column":2},"end":{"line":80,"column":3}},"36":{"start":{"line":79,"column":4},"end":{"line":79,"column":28}},"37":{"start":{"line":82,"column":2},"end":{"line":82,"column":14}}},"fnMap":{"0":{"name":"extractResponseData","decl":{"start":{"line":4,"column":16},"end":{"line":4,"column":35}},"loc":{"start":{"line":5,"column":31},"end":{"line":36,"column":1}}},"1":{"name":"checkForApiErrors","decl":{"start":{"line":38,"column":9},"end":{"line":38,"column":26}},"loc":{"start":{"line":38,"column":56},"end":{"line":61,"column":1}}},"2":{"name":"isApiResponseSuccess","decl":{"start":{"line":63,"column":16},"end":{"line":63,"column":36}},"loc":{"start":{"line":63,"column":66},"end":{"line":65,"column":1}}},"3":{"name":"getApiResponseError","decl":{"start":{"line":67,"column":16},"end":{"line":67,"column":35}},"loc":{"start":{"line":68,"column":31},"end":{"line":83,"column":1}}}},"branchMap":{"0":{"loc":{"start":{"line":7,"column":2},"end":{"line":9,"column":3}},"type":"if","locations":[{"start":{"line":7,"column":2},"end":{"line":9,"column":3}},{"start":{},"end":{}}]},"1":{"loc":{"start":{"line":13,"column":2},"end":{"line":33,"column":3}},"type":"if","locations":[{"start":{"line":13,"column":2},"end":{"line":33,"column":3}},{"start":{},"end":{}}]},"2":{"loc":{"start":{"line":13,"column":6},"end":{"line":13,"column":76}},"type":"binary-expr","locations":[{"start":{"line":13,"column":6},"end":{"line":13,"column":32}},{"start":{"line":13,"column":36},"end":{"line":13,"column":76}}]},"3":{"loc":{"start":{"line":13,"column":6},"end":{"line":13,"column":32}},"type":"cond-expr","locations":[{"start":{"line":13,"column":23},"end":{"line":13,"column":25}},{"start":{"line":13,"column":23},"end":{"line":13,"column":32}}]},"4":{"loc":{"start":{"line":13,"column":6},"end":{"line":13,"column":25}},"type":"binary-expr","locations":[{"start":{"line":13,"column":6},"end":{"line":13,"column":25}},{"start":{"line":13,"column":23},"end":{"line":13,"column":25}}]},"5":{"loc":{"start":{"line":16,"column":4},"end":{"line":18,"column":5}},"type":"if","locations":[{"start":{"line":16,"column":4},"end":{"line":18,"column":5}},{"start":{},"end":{}}]},"6":{"loc":{"start":{"line":20,"column":4},"end":{"line":22,"column":5}},"type":"if","locations":[{"start":{"line":20,"column":4},"end":{"line":22,"column":5}},{"start":{},"end":{}}]},"7":{"loc":{"start":{"line":20,"column":8},"end":{"line":20,"column":47}},"type":"binary-expr","locations":[{"start":{"line":20,"column":8},"end":{"line":20,"column":28}},{"start":{"line":20,"column":32},"end":{"line":20,"column":47}}]},"8":{"loc":{"start":{"line":26,"column":6},"end":{"line":30,"column":7}},"type":"if","locations":[{"start":{"line":26,"column":6},"end":{"line":30,"column":7}},{"start":{"line":28,"column":13},"end":{"line":30,"column":7}}]},"9":{"loc":{"start":{"line":26,"column":10},"end":{"line":26,"column":51}},"type":"binary-expr","locations":[{"start":{"line":26,"column":10},"end":{"line":26,"column":21}},{"start":{"line":26,"column":25},"end":{"line":26,"column":51}}]},"10":{"loc":{"start":{"line":28,"column":13},"end":{"line":30,"column":7}},"type":"if","locations":[{"start":{"line":28,"column":13},"end":{"line":30,"column":7}},{"start":{},"end":{}}]},"11":{"loc":{"start":{"line":32,"column":11},"end":{"line":32,"column":44}},"type":"cond-expr","locations":[{"start":{"line":32,"column":32},"end":{"line":32,"column":39}},{"start":{"line":32,"column":42},"end":{"line":32,"column":44}}]},"12":{"loc":{"start":{"line":39,"column":2},"end":{"line":41,"column":3}},"type":"if","locations":[{"start":{"line":39,"column":2},"end":{"line":41,"column":3}},{"start":{},"end":{}}]},"13":{"loc":{"start":{"line":43,"column":2},"end":{"line":48,"column":3}},"type":"if","locations":[{"start":{"line":43,"column":2},"end":{"line":48,"column":3}},{"start":{},"end":{}}]},"14":{"loc":{"start":{"line":43,"column":6},"end":{"line":43,"column":67}},"type":"binary-expr","locations":[{"start":{"line":43,"column":6},"end":{"line":43,"column":32}},{"start":{"line":43,"column":36},"end":{"line":43,"column":67}}]},"15":{"loc":{"start":{"line":43,"column":6},"end":{"line":43,"column":32}},"type":"cond-expr","locations":[{"start":{"line":43,"column":21},"end":{"line":43,"column":23}},{"start":{"line":43,"column":21},"end":{"line":43,"column":32}}]},"16":{"loc":{"start":{"line":43,"column":6},"end":{"line":43,"column":23}},"type":"binary-expr","locations":[{"start":{"line":43,"column":6},"end":{"line":43,"column":23}},{"start":{"line":43,"column":21},"end":{"line":43,"column":23}}]},"17":{"loc":{"start":{"line":44,"column":25},"end":{"line":44,"column":71}},"type":"binary-expr","locations":[{"start":{"line":44,"column":25},"end":{"line":44,"column":48}},{"start":{"line":44,"column":52},"end":{"line":44,"column":71}}]},"18":{"loc":{"start":{"line":50,"column":2},"end":{"line":60,"column":3}},"type":"if","locations":[{"start":{"line":50,"column":2},"end":{"line":60,"column":3}},{"start":{},"end":{}}]},"19":{"loc":{"start":{"line":50,"column":6},"end":{"line":50,"column":76}},"type":"binary-expr","locations":[{"start":{"line":50,"column":6},"end":{"line":50,"column":32}},{"start":{"line":50,"column":36},"end":{"line":50,"column":76}}]},"20":{"loc":{"start":{"line":50,"column":6},"end":{"line":50,"column":32}},"type":"cond-expr","locations":[{"start":{"line":50,"column":23},"end":{"line":50,"column":25}},{"start":{"line":50,"column":23},"end":{"line":50,"column":32}}]},"21":{"loc":{"start":{"line":50,"column":6},"end":{"line":50,"column":25}},"type":"binary-expr","locations":[{"start":{"line":50,"column":6},"end":{"line":50,"column":25}},{"start":{"line":50,"column":23},"end":{"line":50,"column":25}}]},"22":{"loc":{"start":{"line":52,"column":6},"end":{"line":58,"column":7}},"type":"if","locations":[{"start":{"line":52,"column":6},"end":{"line":58,"column":7}},{"start":{},"end":{}}]},"23":{"loc":{"start":{"line":52,"column":10},"end":{"line":52,"column":67}},"type":"binary-expr","locations":[{"start":{"line":52,"column":10},"end":{"line":52,"column":34}},{"start":{"line":52,"column":38},"end":{"line":52,"column":67}}]},"24":{"loc":{"start":{"line":52,"column":10},"end":{"line":52,"column":34}},"type":"cond-expr","locations":[{"start":{"line":52,"column":23},"end":{"line":52,"column":25}},{"start":{"line":52,"column":23},"end":{"line":52,"column":34}}]},"25":{"loc":{"start":{"line":52,"column":10},"end":{"line":52,"column":25}},"type":"binary-expr","locations":[{"start":{"line":52,"column":10},"end":{"line":52,"column":25}},{"start":{"line":52,"column":23},"end":{"line":52,"column":25}}]},"26":{"loc":{"start":{"line":53,"column":29},"end":{"line":54,"column":39}},"type":"binary-expr","locations":[{"start":{"line":53,"column":29},"end":{"line":53,"column":50}},{"start":{"line":54,"column":10},"end":{"line":54,"column":39}}]},"27":{"loc":{"start":{"line":64,"column":9},"end":{"line":64,"column":71}},"type":"binary-expr","locations":[{"start":{"line":64,"column":9},"end":{"line":64,"column":40}},{"start":{"line":64,"column":40},"end":{"line":64,"column":71}}]},"28":{"loc":{"start":{"line":64,"column":10},"end":{"line":64,"column":36}},"type":"cond-expr","locations":[{"start":{"line":64,"column":25},"end":{"line":64,"column":27}},{"start":{"line":64,"column":25},"end":{"line":64,"column":36}}]},"29":{"loc":{"start":{"line":64,"column":10},"end":{"line":64,"column":27}},"type":"binary-expr","locations":[{"start":{"line":64,"column":10},"end":{"line":64,"column":27}},{"start":{"line":64,"column":25},"end":{"line":64,"column":27}}]},"30":{"loc":{"start":{"line":70,"column":2},"end":{"line":72,"column":3}},"type":"if","locations":[{"start":{"line":70,"column":2},"end":{"line":72,"column":3}},{"start":{},"end":{}}]},"31":{"loc":{"start":{"line":70,"column":6},"end":{"line":70,"column":67}},"type":"binary-expr","locations":[{"start":{"line":70,"column":6},"end":{"line":70,"column":32}},{"start":{"line":70,"column":36},"end":{"line":70,"column":67}}]},"32":{"loc":{"start":{"line":70,"column":6},"end":{"line":70,"column":32}},"type":"cond-expr","locations":[{"start":{"line":70,"column":21},"end":{"line":70,"column":23}},{"start":{"line":70,"column":21},"end":{"line":70,"column":32}}]},"33":{"loc":{"start":{"line":70,"column":6},"end":{"line":70,"column":23}},"type":"binary-expr","locations":[{"start":{"line":70,"column":6},"end":{"line":70,"column":23}},{"start":{"line":70,"column":21},"end":{"line":70,"column":23}}]},"34":{"loc":{"start":{"line":71,"column":11},"end":{"line":71,"column":58}},"type":"binary-expr","locations":[{"start":{"line":71,"column":11},"end":{"line":71,"column":34}},{"start":{"line":71,"column":38},"end":{"line":71,"column":58}}]},"35":{"loc":{"start":{"line":74,"column":2},"end":{"line":76,"column":3}},"type":"if","locations":[{"start":{"line":74,"column":2},"end":{"line":76,"column":3}},{"start":{},"end":{}}]},"36":{"loc":{"start":{"line":74,"column":6},"end":{"line":74,"column":55}},"type":"binary-expr","locations":[{"start":{"line":74,"column":6},"end":{"line":74,"column":21}},{"start":{"line":74,"column":25},"end":{"line":74,"column":55}}]},"37":{"loc":{"start":{"line":78,"column":2},"end":{"line":80,"column":3}},"type":"if","locations":[{"start":{"line":78,"column":2},"end":{"line":80,"column":3}},{"start":{},"end":{}}]}},"s":{"0":1,"1":1,"2":1,"3":6,"4":2,"5":4,"6":3,"7":3,"8":3,"9":0,"10":3,"11":3,"12":0,"13":0,"14":0,"15":0,"16":0,"17":0,"18":0,"19":0,"20":4,"21":0,"22":4,"23":1,"24":1,"25":3,"26":3,"27":3,"28":0,"29":0,"30":3,"31":5,"32":2,"33":3,"34":1,"35":2,"36":1,"37":1},"f":{"0":6,"1":4,"2":3,"3":5},"b":{"0":[2,4],"1":[3,0],"2":[3,3],"3":[0,3],"4":[3,3],"5":[0,3],"6":[3,0],"7":[3,3],"8":[0,0],"9":[0,0],"10":[0,0],"11":[0,0],"12":[0,4],"13":[1,3],"14":[4,1],"15":[0,4],"16":[4,4],"17":[1,0],"18":[3,0],"19":[3,3],"20":[0,3],"21":[3,3],"22":[0,3],"23":[3,0],"24":[0,3],"25":[3,3],"26":[0,0],"27":[3,1],"28":[0,3],"29":[3,3],"30":[2,3],"31":[5,2],"32":[0,5],"33":[5,5],"34":[2,0],"35":[1,2],"36":[3,1],"37":[1,1]}}
,"/Users/hans/dev/n8n-nodes-onoffice-pro/nodes/OnOffice/utils/router.ts": {"path":"/Users/hans/dev/n8n-nodes-onoffice-pro/nodes/OnOffice/utils/router.ts","statementMap":{"0":{"start":{"line":12,"column":0},"end":{"line":12,"column":7}},"1":{"start":{"line":7,"column":0},"end":{"line":7,"column":49}},"2":{"start":{"line":8,"column":0},"end":{"line":8,"column":55}},"3":{"start":{"line":10,"column":0},"end":{"line":10,"column":21}},"4":{"start":{"line":15,"column":16},"end":{"line":15,"column":35}},"5":{"start":{"line":16,"column":48},"end":{"line":16,"column":50}},"6":{"start":{"line":18,"column":2},"end":{"line":27,"column":3}},"7":{"start":{"line":18,"column":15},"end":{"line":18,"column":16}},"8":{"start":{"line":19,"column":21},"end":{"line":19,"column":67}},"9":{"start":{"line":20,"column":22},"end":{"line":20,"column":69}},"10":{"start":{"line":22,"column":52},"end":{"line":22,"column":54}},"11":{"start":{"line":24,"column":4},"end":{"line":24,"column":69}},"12":{"start":{"line":26,"column":4},"end":{"line":26,"column":72}},"13":{"start":{"line":29,"column":2},"end":{"line":29,"column":27}}},"fnMap":{"0":{"name":"router","decl":{"start":{"line":12,"column":22},"end":{"line":12,"column":28}},"loc":{"start":{"line":12,"column":28},"end":{"line":30,"column":1}}}},"branchMap":{},"s":{"0":0,"1":0,"2":0,"3":0,"4":0,"5":0,"6":0,"7":0,"8":0,"9":0,"10":0,"11":0,"12":0,"13":0},"f":{"0":0},"b":{}}
,"/Users/hans/dev/n8n-nodes-onoffice-pro/nodes/OnOffice/utils/types.ts": {"path":"/Users/hans/dev/n8n-nodes-onoffice-pro/nodes/OnOffice/utils/types.ts","statementMap":{"0":{"start":{"line":157,"column":13},"end":{"line":549,"column":2}}},"fnMap":{},"branchMap":{},"s":{"0":1},"f":{},"b":{}}
}
