TN:
SF:credentials/OnOfficeApi.credentials.ts
FN:3,(anonymous_0)
FNF:1
FNH:0
FNDA:0,(anonymous_0)
DA:3,0
DA:4,0
DA:6,0
DA:8,0
DA:10,0
LF:5
LH:0
BRF:0
BRH:0
end_of_record
TN:
SF:nodes/OnOffice/OnOffice.node.ts
FN:18,(anonymous_9)
FN:88,(anonymous_10)
FNF:2
FNH:0
FNDA:0,(anonymous_9)
FNDA:0,(anonymous_10)
DA:9,0
DA:11,0
DA:12,0
DA:13,0
DA:14,0
DA:15,0
DA:16,0
DA:18,0
DA:19,0
DA:89,0
LF:10
LH:0
BRF:0
BRH:0
end_of_record
TN:
SF:nodes/OnOffice/actions/address/index.ts
FNF:0
FNH:0
DA:3,0
DA:4,0
DA:6,0
DA:8,0
LF:4
LH:0
BRF:0
BRH:0
end_of_record
TN:
SF:nodes/OnOffice/actions/address/create/description.ts
FNF:0
FNH:0
DA:3,0
LF:1
LH:0
BRF:0
BRH:0
end_of_record
TN:
SF:nodes/OnOffice/actions/address/create/execute.ts
FN:16,createAddress
FNF:1
FNH:0
FNDA:0,createAddress
DA:2,0
DA:3,0
DA:7,0
DA:9,0
DA:14,0
DA:16,0
DA:20,0
DA:21,0
DA:26,0
DA:32,0
DA:33,0
DA:36,0
DA:42,0
DA:43,0
DA:46,0
DA:53,0
DA:55,0
DA:61,0
DA:62,0
DA:64,0
LF:20
LH:0
BRDA:32,0,0,0
BRDA:32,0,1,0
BRDA:42,1,0,0
BRDA:42,1,1,0
BRF:4
BRH:0
end_of_record
TN:
SF:nodes/OnOffice/actions/address/create/index.ts
FN:4,(anonymous_0)
FN:4,(anonymous_1)
FNF:2
FNH:0
FNDA:0,(anonymous_0)
FNDA:0,(anonymous_1)
DA:1,0
DA:2,0
DA:4,0
LF:3
LH:0
BRF:0
BRH:0
end_of_record
TN:
SF:nodes/OnOffice/actions/address/read/description.ts
FNF:0
FNH:0
DA:3,0
LF:1
LH:0
BRF:0
BRH:0
end_of_record
TN:
SF:nodes/OnOffice/actions/address/read/execute.ts
FN:16,readAddress
FNF:1
FNH:0
FNDA:0,readAddress
DA:2,0
DA:3,0
DA:7,0
DA:9,0
DA:14,0
DA:16,0
DA:20,0
DA:21,0
DA:26,0
DA:32,0
DA:33,0
DA:36,0
DA:42,0
DA:43,0
DA:46,0
DA:53,0
DA:55,0
DA:61,0
DA:62,0
DA:64,0
LF:20
LH:0
BRDA:32,0,0,0
BRDA:32,0,1,0
BRDA:42,1,0,0
BRDA:42,1,1,0
BRF:4
BRH:0
end_of_record
TN:
SF:nodes/OnOffice/actions/address/read/index.ts
FN:4,(anonymous_0)
FN:4,(anonymous_1)
FNF:2
FNH:0
FNDA:0,(anonymous_0)
FNDA:0,(anonymous_1)
DA:1,0
DA:2,0
DA:4,0
LF:3
LH:0
BRF:0
BRH:0
end_of_record
TN:
SF:nodes/OnOffice/actions/agentslog/index.ts
FNF:0
FNH:0
DA:3,0
DA:5,0
DA:7,0
LF:3
LH:0
BRF:0
BRH:0
end_of_record
TN:
SF:nodes/OnOffice/actions/agentslog/read/description.ts
FNF:0
FNH:0
DA:3,0
LF:1
LH:0
BRF:0
BRH:0
end_of_record
TN:
SF:nodes/OnOffice/actions/agentslog/read/execute.ts
FN:20,readAgentslog
FN:106,(anonymous_1)
FNF:2
FNH:0
FNDA:0,readAgentslog
FNDA:0,(anonymous_1)
DA:2,0
DA:3,0
DA:7,0
DA:12,0
DA:18,0
DA:20,0
DA:24,0
DA:25,0
DA:29,0
DA:35,0
DA:36,0
DA:39,0
DA:46,0
DA:47,0
DA:48,0
DA:51,0
DA:52,0
DA:53,0
DA:56,0
DA:61,0
DA:62,0
DA:65,0
DA:67,0
DA:69,0
DA:72,0
DA:73,0
DA:85,0
DA:86,0
DA:87,0
DA:90,0
DA:92,0
DA:94,0
DA:95,0
DA:97,0
DA:98,0
DA:101,0
DA:103,0
DA:104,0
DA:106,0
DA:110,0
DA:111,0
DA:113,0
DA:117,0
DA:124,0
DA:125,0
DA:126,0
DA:127,0
DA:128,0
DA:129,0
DA:131,0
DA:137,0
DA:138,0
DA:143,0
DA:144,0
DA:147,0
DA:155,0
DA:156,0
DA:158,0
DA:164,0
DA:165,0
DA:167,0
LF:61
LH:0
BRDA:35,0,0,0
BRDA:35,0,1,0
BRDA:46,1,0,0
BRDA:46,1,1,0
BRDA:46,2,0,0
BRDA:46,2,1,0
BRDA:47,3,0,0
BRDA:47,3,1,0
BRDA:47,4,0,0
BRDA:47,4,1,0
BRDA:51,5,0,0
BRDA:51,5,1,0
BRDA:51,6,0,0
BRDA:51,6,1,0
BRDA:52,7,0,0
BRDA:52,7,1,0
BRDA:52,8,0,0
BRDA:52,8,1,0
BRDA:61,9,0,0
BRDA:61,9,1,0
BRDA:67,10,0,0
BRDA:67,10,1,0
BRDA:67,11,0,0
BRDA:67,11,1,0
BRDA:69,12,0,0
BRDA:69,12,1,0
BRDA:70,13,0,0
BRDA:70,13,1,0
BRDA:70,13,2,0
BRDA:73,14,0,0
BRDA:73,14,1,0
BRDA:86,15,0,0
BRDA:86,15,1,0
BRDA:87,16,0,0
BRDA:87,16,1,0
BRDA:90,17,0,0
BRDA:90,17,1,0
BRDA:92,18,0,0
BRDA:92,18,1,0
BRDA:92,19,0,0
BRDA:92,19,1,0
BRDA:92,19,2,0
BRDA:94,20,0,0
BRDA:94,20,1,0
BRDA:97,21,0,0
BRDA:97,21,1,0
BRDA:103,22,0,0
BRDA:103,22,1,0
BRDA:103,23,0,0
BRDA:103,23,1,0
BRDA:110,24,0,0
BRDA:110,24,1,0
BRDA:124,25,0,0
BRDA:124,25,1,0
BRDA:126,26,0,0
BRDA:126,26,1,0
BRDA:127,27,0,0
BRDA:127,27,1,0
BRDA:127,28,0,0
BRDA:127,28,1,0
BRDA:137,29,0,0
BRDA:137,29,1,0
BRDA:143,30,0,0
BRDA:143,30,1,0
BRF:64
BRH:0
end_of_record
TN:
SF:nodes/OnOffice/actions/agentslog/read/index.ts
FN:4,(anonymous_0)
FN:4,(anonymous_1)
FNF:2
FNH:0
FNDA:0,(anonymous_0)
FNDA:0,(anonymous_1)
DA:1,0
DA:2,0
DA:4,0
LF:3
LH:0
BRF:0
BRH:0
end_of_record
TN:
SF:nodes/OnOffice/actions/appointments/index.ts
FNF:0
FNH:0
DA:3,0
DA:4,0
DA:5,0
DA:7,0
DA:9,0
LF:5
LH:0
BRF:0
BRH:0
end_of_record
TN:
SF:nodes/OnOffice/actions/appointments/create/description.ts
FNF:0
FNH:0
DA:3,0
LF:1
LH:0
BRF:0
BRH:0
end_of_record
TN:
SF:nodes/OnOffice/actions/appointments/create/execute.ts
FN:17,createAppointment
FNF:1
FNH:0
FNDA:0,createAppointment
DA:6,0
DA:7,0
DA:8,0
DA:10,0
DA:15,0
DA:17,0
DA:21,0
DA:22,0
DA:28,0
DA:30,0
DA:31,0
DA:37,0
DA:39,0
DA:45,0
DA:52,0
DA:57,0
DA:63,0
DA:64,0
DA:67,0
DA:68,0
DA:69,0
DA:72,0
DA:78,0
DA:79,0
DA:82,0
DA:83,0
DA:84,0
DA:87,0
DA:93,0
DA:94,0
DA:97,0
DA:103,0
DA:107,0
DA:114,0
DA:121,0
DA:127,0
DA:128,0
DA:130,0
LF:38
LH:0
BRDA:30,0,0,0
BRDA:30,0,1,0
BRDA:63,1,0,0
BRDA:63,1,1,0
BRDA:68,2,0,0
BRDA:68,2,1,0
BRDA:78,3,0,0
BRDA:78,3,1,0
BRDA:83,4,0,0
BRDA:83,4,1,0
BRDA:93,5,0,0
BRDA:93,5,1,0
BRDA:117,6,0,0
BRDA:117,6,1,0
BRF:14
BRH:0
end_of_record
TN:
SF:nodes/OnOffice/actions/appointments/create/index.ts
FN:4,(anonymous_0)
FN:4,(anonymous_1)
FNF:2
FNH:0
FNDA:0,(anonymous_0)
FNDA:0,(anonymous_1)
DA:1,0
DA:2,0
DA:4,0
LF:3
LH:0
BRF:0
BRH:0
end_of_record
TN:
SF:nodes/OnOffice/actions/appointments/delete/description.ts
FNF:0
FNH:0
DA:3,0
LF:1
LH:0
BRF:0
BRH:0
end_of_record
TN:
SF:nodes/OnOffice/actions/appointments/delete/execute.ts
FN:10,deleteAppointment
FNF:1
FNH:0
FNDA:0,deleteAppointment
DA:2,0
DA:3,0
DA:7,0
DA:8,0
DA:10,0
DA:14,0
DA:15,0
DA:17,0
DA:18,0
DA:21,0
DA:23,0
DA:30,0
DA:31,0
DA:33,0
LF:14
LH:0
BRDA:17,0,0,0
BRDA:17,0,1,0
BRF:2
BRH:0
end_of_record
TN:
SF:nodes/OnOffice/actions/appointments/delete/index.ts
FN:4,(anonymous_0)
FN:4,(anonymous_1)
FNF:2
FNH:0
FNDA:0,(anonymous_0)
FNDA:0,(anonymous_1)
DA:1,0
DA:2,0
DA:4,0
LF:3
LH:0
BRF:0
BRH:0
end_of_record
TN:
SF:nodes/OnOffice/actions/appointments/read/description.ts
FNF:0
FNH:0
DA:3,0
LF:1
LH:0
BRF:0
BRH:0
end_of_record
TN:
SF:nodes/OnOffice/actions/appointments/read/execute.ts
FN:12,readAppointment
FN:42,(anonymous_1)
FNF:2
FNH:0
FNDA:0,readAppointment
FNDA:0,(anonymous_1)
DA:2,0
DA:3,0
DA:5,0
DA:10,0
DA:12,0
DA:16,0
DA:17,0
DA:23,0
DA:25,0
DA:26,0
DA:32,0
DA:34,0
DA:39,0
DA:42,0
DA:44,0
DA:48,0
DA:50,0
DA:57,0
DA:62,0
DA:69,0
DA:70,0
DA:72,0
LF:22
LH:0
BRDA:25,0,0,0
BRDA:25,0,1,0
BRDA:39,1,0,0
BRDA:39,1,1,0
BRDA:40,2,0,0
BRDA:40,2,1,0
BRDA:40,2,2,0
BRF:7
BRH:0
end_of_record
TN:
SF:nodes/OnOffice/actions/appointments/read/index.ts
FN:4,(anonymous_0)
FN:4,(anonymous_1)
FNF:2
FNH:0
FNDA:0,(anonymous_0)
FNDA:0,(anonymous_1)
DA:1,0
DA:2,0
DA:4,0
LF:3
LH:0
BRF:0
BRH:0
end_of_record
TN:
SF:nodes/OnOffice/actions/email/index.ts
FNF:0
FNH:0
DA:3,0
DA:5,0
DA:7,0
LF:3
LH:0
BRF:0
BRH:0
end_of_record
TN:
SF:nodes/OnOffice/actions/email/do/description.ts
FNF:0
FNH:0
DA:3,0
LF:1
LH:0
BRF:0
BRH:0
end_of_record
TN:
SF:nodes/OnOffice/actions/email/do/execute.ts
FN:18,sendMail
FN:159,(anonymous_1)
FN:166,(anonymous_2)
FNF:3
FNH:0
FNDA:0,sendMail
FNDA:0,(anonymous_1)
FNDA:0,(anonymous_2)
DA:2,0
DA:3,0
DA:4,0
DA:9,0
DA:16,0
DA:18,0
DA:22,0
DA:23,0
DA:28,0
DA:34,0
DA:40,0
DA:42,0
DA:43,0
DA:50,0
DA:51,0
DA:53,0
DA:60,0
DA:61,0
DA:66,0
DA:72,0
DA:73,0
DA:76,0
DA:77,0
DA:86,0
DA:87,0
DA:96,0
DA:97,0
DA:106,0
DA:107,0
DA:111,0
DA:112,0
DA:117,0
DA:123,0
DA:124,0
DA:127,0
DA:133,0
DA:134,0
DA:137,0
DA:143,0
DA:144,0
DA:147,0
DA:153,0
DA:154,0
DA:157,0
DA:158,0
DA:159,0
DA:160,0
DA:164,0
DA:165,0
DA:166,0
DA:167,0
DA:171,0
DA:172,0
DA:179,0
DA:180,0
DA:187,0
DA:188,0
DA:195,0
DA:196,0
DA:203,0
DA:204,0
DA:212,0
DA:218,0
DA:219,0
DA:221,0
LF:65
LH:0
BRDA:42,0,0,0
BRDA:42,0,1,0
BRDA:60,1,0,0
BRDA:60,1,1,0
BRDA:72,2,0,0
BRDA:72,2,1,0
BRDA:76,3,0,0
BRDA:76,3,1,0
BRDA:86,4,0,0
BRDA:86,4,1,0
BRDA:96,5,0,0
BRDA:96,5,1,0
BRDA:106,6,0,0
BRDA:106,6,1,0
BRDA:111,7,0,0
BRDA:111,7,1,0
BRDA:123,8,0,0
BRDA:123,8,1,0
BRDA:133,9,0,0
BRDA:133,9,1,0
BRDA:143,10,0,0
BRDA:143,10,1,0
BRDA:153,11,0,0
BRDA:153,11,1,0
BRDA:158,12,0,0
BRDA:158,12,1,0
BRDA:158,13,0,0
BRDA:158,13,1,0
BRDA:160,14,0,0
BRDA:160,14,1,0
BRDA:165,15,0,0
BRDA:165,15,1,0
BRDA:165,16,0,0
BRDA:165,16,1,0
BRDA:167,17,0,0
BRDA:167,17,1,0
BRDA:171,18,0,0
BRDA:171,18,1,0
BRDA:179,19,0,0
BRDA:179,19,1,0
BRDA:187,20,0,0
BRDA:187,20,1,0
BRDA:195,21,0,0
BRDA:195,21,1,0
BRDA:203,22,0,0
BRDA:203,22,1,0
BRF:46
BRH:0
end_of_record
TN:
SF:nodes/OnOffice/actions/email/do/index.ts
FN:4,(anonymous_0)
FN:4,(anonymous_1)
FNF:2
FNH:0
FNDA:0,(anonymous_0)
FNDA:0,(anonymous_1)
DA:1,0
DA:2,0
DA:4,0
LF:3
LH:0
BRF:0
BRH:0
end_of_record
TN:
SF:nodes/OnOffice/actions/estate/index.ts
FNF:0
FNH:0
DA:3,0
DA:5,0
DA:7,0
LF:3
LH:0
BRF:0
BRH:0
end_of_record
TN:
SF:nodes/OnOffice/actions/estate/read/description.ts
FNF:0
FNH:0
DA:3,0
LF:1
LH:0
BRF:0
BRH:0
end_of_record
TN:
SF:nodes/OnOffice/actions/estate/read/execute.ts
FN:15,readEstate
FNF:1
FNH:0
FNDA:0,readEstate
DA:2,0
DA:3,0
DA:7,0
DA:9,0
DA:10,0
DA:15,0
DA:19,0
DA:20,0
DA:24,0
DA:31,0
DA:37,0
DA:38,0
DA:41,0
DA:48,0
DA:49,0
DA:51,0
DA:58,0
DA:59,0
DA:61,0
LF:19
LH:0
BRDA:37,0,0,0
BRDA:37,0,1,0
BRF:2
BRH:0
end_of_record
TN:
SF:nodes/OnOffice/actions/estate/read/index.ts
FN:4,(anonymous_0)
FN:4,(anonymous_1)
FNF:2
FNH:0
FNDA:0,(anonymous_0)
FNDA:0,(anonymous_1)
DA:1,0
DA:2,0
DA:4,0
LF:3
LH:0
BRF:0
BRH:0
end_of_record
TN:
SF:nodes/OnOffice/actions/relation/index.ts
FNF:0
FNH:0
DA:3,0
DA:5,0
DA:7,0
LF:3
LH:0
BRF:0
BRH:0
end_of_record
TN:
SF:nodes/OnOffice/actions/relation/create/description.ts
FNF:0
FNH:0
DA:3,0
LF:1
LH:0
BRF:0
BRH:0
end_of_record
TN:
SF:nodes/OnOffice/actions/relation/create/index.ts
FN:3,(anonymous_0)
FNF:1
FNH:0
FNDA:0,(anonymous_0)
DA:1,0
DA:3,0
LF:2
LH:0
BRF:0
BRH:0
end_of_record
TN:
SF:nodes/OnOffice/actions/relation/get/description.ts
FNF:0
FNH:0
DA:2,0
DA:4,0
LF:2
LH:0
BRF:0
BRH:0
end_of_record
TN:
SF:nodes/OnOffice/actions/relation/get/execute.ts
FN:12,getRelation
FNF:1
FNH:0
FNDA:0,getRelation
DA:2,0
DA:3,0
DA:4,0
DA:9,0
DA:10,0
DA:12,0
DA:16,0
DA:17,0
DA:19,0
DA:25,0
DA:32,0
DA:33,0
DA:35,0
DA:39,0
DA:40,0
DA:43,0
DA:44,0
DA:47,0
DA:48,0
DA:55,0
DA:56,0
DA:63,0
DA:69,0
DA:70,0
DA:72,0
LF:25
LH:0
BRDA:39,0,0,0
BRDA:39,0,1,0
BRDA:43,1,0,0
BRDA:43,1,1,0
BRDA:47,2,0,0
BRDA:47,2,1,0
BRDA:47,3,0,0
BRDA:47,3,1,0
BRDA:55,4,0,0
BRDA:55,4,1,0
BRDA:55,5,0,0
BRDA:55,5,1,0
BRF:12
BRH:0
end_of_record
TN:
SF:nodes/OnOffice/actions/relation/get/index.ts
FN:4,(anonymous_0)
FN:4,(anonymous_1)
FNF:2
FNH:0
FNDA:0,(anonymous_0)
FNDA:0,(anonymous_1)
DA:1,0
DA:2,0
DA:4,0
LF:3
LH:0
BRF:0
BRH:0
end_of_record
TN:
SF:nodes/OnOffice/actions/settings/index.ts
FNF:0
FNH:0
DA:3,0
DA:5,0
DA:7,0
LF:3
LH:0
BRF:0
BRH:0
end_of_record
TN:
SF:nodes/OnOffice/actions/settings/create/description.ts
FNF:0
FNH:0
DA:3,0
LF:1
LH:0
BRF:0
BRH:0
end_of_record
TN:
SF:nodes/OnOffice/actions/settings/create/index.ts
FN:3,(anonymous_0)
FNF:1
FNH:0
FNDA:0,(anonymous_0)
DA:1,0
DA:3,0
LF:2
LH:0
BRF:0
BRH:0
end_of_record
TN:
SF:nodes/OnOffice/actions/settings/read/description.ts
FNF:0
FNH:0
DA:3,0
LF:1
LH:0
BRF:0
BRH:0
end_of_record
TN:
SF:nodes/OnOffice/actions/settings/read/index.ts
FN:3,(anonymous_0)
FNF:1
FNH:0
FNDA:0,(anonymous_0)
DA:1,0
DA:3,0
LF:2
LH:0
BRF:0
BRH:0
end_of_record
TN:
SF:nodes/OnOffice/actions/templates/index.ts
FNF:0
FNH:0
DA:2,0
DA:4,0
DA:6,0
LF:3
LH:0
BRF:0
BRH:0
end_of_record
TN:
SF:nodes/OnOffice/actions/templates/get/description.ts
FNF:0
FNH:0
DA:3,0
LF:1
LH:0
BRF:0
BRH:0
end_of_record
TN:
SF:nodes/OnOffice/actions/templates/get/execute.ts
FN:12,getTemplates
FNF:1
FNH:0
FNDA:0,getTemplates
DA:2,0
DA:3,0
DA:4,0
DA:6,0
DA:10,0
DA:12,0
DA:16,0
DA:17,0
DA:18,0
DA:22,0
DA:29,0
DA:30,0
DA:31,0
DA:32,0
DA:33,0
DA:37,0
DA:43,0
DA:44,0
DA:46,0
LF:19
LH:0
BRDA:30,0,0,0
BRDA:30,0,1,0
BRDA:30,1,0,0
BRDA:30,1,1,0
BRDA:32,2,0,0
BRDA:32,2,1,0
BRF:6
BRH:0
end_of_record
TN:
SF:nodes/OnOffice/actions/templates/get/index.ts
FN:4,(anonymous_0)
FN:4,(anonymous_1)
FNF:2
FNH:0
FNDA:0,(anonymous_0)
FNDA:0,(anonymous_1)
DA:1,0
DA:2,0
DA:4,0
LF:3
LH:0
BRF:0
BRH:0
end_of_record
TN:
SF:nodes/OnOffice/utils/actionIds.ts
FN:10,getActionId
FNF:1
FNH:0
FNDA:0,getActionId
DA:1,0
DA:11,0
DA:12,0
DA:14,0
DA:17,0
LF:5
LH:0
BRDA:11,0,0,0
BRDA:11,0,1,0
BRF:2
BRH:0
end_of_record
TN:
SF:nodes/OnOffice/utils/actionRegistry.ts
FN:20,registerAction
FN:32,getActionHandler
FN:39,executeAction
FN:58,getRegisteredResources
FN:62,getRegisteredOperations
FNF:5
FNH:0
FNDA:0,registerAction
FNDA:0,getActionHandler
FNDA:0,executeAction
FNDA:0,getRegisteredResources
FNDA:0,getRegisteredOperations
DA:1,0
DA:18,0
DA:20,0
DA:25,0
DA:26,0
DA:29,0
DA:32,0
DA:36,0
DA:39,0
DA:45,0
DA:47,0
DA:48,0
DA:55,0
DA:58,0
DA:59,0
DA:62,0
DA:63,0
LF:17
LH:0
BRDA:25,0,0,0
BRDA:25,0,1,0
BRDA:36,1,0,0
BRDA:36,1,1,0
BRDA:36,2,0,0
BRDA:36,2,1,0
BRDA:47,3,0,0
BRDA:47,3,1,0
BRDA:63,4,0,0
BRDA:63,4,1,0
BRF:10
BRH:0
end_of_record
TN:
SF:nodes/OnOffice/utils/apiRequest.ts
FN:11,apiRequest
FNF:1
FNH:0
FNDA:0,apiRequest
DA:1,0
DA:6,0
DA:7,0
DA:8,0
DA:11,0
DA:15,0
DA:17,0
DA:18,0
DA:19,0
DA:25,0
DA:26,0
DA:28,0
DA:29,0
DA:35,0
DA:43,0
DA:54,0
DA:64,0
DA:66,0
DA:67,0
DA:69,0
LF:20
LH:0
BRDA:15,0,0,0
BRDA:18,1,0,0
BRDA:18,1,1,0
BRDA:28,2,0,0
BRDA:28,2,1,0
BRF:5
BRH:0
end_of_record
TN:
SF:nodes/OnOffice/utils/constants.ts
FNF:0
FNH:0
DA:1,0
LF:1
LH:0
BRF:0
BRH:0
end_of_record
TN:
SF:nodes/OnOffice/utils/errorHandling.ts
FN:10,handleExecutionError
FN:34,throwValidationError
FN:46,throwMissingParameterError
FN:58,throwInvalidParameterError
FNF:4
FNH:4
FNDA:4,handleExecutionError
FNDA:3,throwValidationError
FNDA:3,throwMissingParameterError
FNDA:6,throwInvalidParameterError
DA:1,1
DA:10,1
DA:15,4
DA:16,4
DA:18,4
DA:20,4
DA:21,3
DA:25,4
DA:27,4
DA:34,1
DA:39,3
DA:46,1
DA:51,3
DA:58,1
DA:64,6
LF:15
LH:15
BRDA:15,0,0,4
BRDA:15,0,1,0
BRDA:16,1,0,1
BRDA:16,1,1,3
BRDA:16,2,0,4
BRDA:16,2,1,4
BRDA:20,3,0,3
BRDA:20,3,1,1
BRDA:20,4,0,4
BRDA:20,4,1,3
BRDA:20,5,0,1
BRDA:20,5,1,3
BRDA:20,6,0,4
BRDA:20,6,1,4
BRDA:20,7,0,0
BRDA:20,7,1,3
BRDA:20,8,0,3
BRDA:20,8,1,3
BRDA:30,9,0,3
BRDA:30,9,1,1
BRDA:42,10,0,2
BRDA:42,10,1,1
BRDA:54,11,0,2
BRDA:54,11,1,1
BRDA:67,12,0,5
BRDA:67,12,1,1
BRF:26
BRH:24
end_of_record
TN:
SF:nodes/OnOffice/utils/hmac.ts
FN:3,generateHmac
FNF:1
FNH:1
FNDA:28,generateHmac
DA:1,1
DA:3,1
DA:10,28
DA:11,28
DA:12,28
DA:13,28
LF:6
LH:6
BRF:0
BRH:0
end_of_record
TN:
SF:nodes/OnOffice/utils/parameterBuilder.ts
FN:11,extractDefinedFields
FN:26,parseCommaSeparated
FN:33,(anonymous_2)
FN:34,(anonymous_3)
FN:37,parseCommaSeparatedNumbers
FN:44,(anonymous_5)
FN:45,(anonymous_6)
FN:46,(anonymous_7)
FN:49,buildParameters
FNF:9
FNH:4
FNDA:0,extractDefinedFields
FNDA:0,parseCommaSeparated
FNDA:0,(anonymous_2)
FNDA:0,(anonymous_3)
FNDA:16,parseCommaSeparatedNumbers
FNDA:45,(anonymous_5)
FNDA:45,(anonymous_6)
FNDA:45,(anonymous_7)
FNDA:0,buildParameters
DA:3,1
DA:11,1
DA:15,0
DA:17,0
DA:18,0
DA:19,0
DA:23,0
DA:26,1
DA:27,0
DA:28,0
DA:31,0
DA:33,0
DA:34,0
DA:37,1
DA:38,16
DA:39,1
DA:42,15
DA:44,45
DA:45,45
DA:46,45
DA:49,1
DA:54,0
DA:59,0
LF:23
LH:11
BRDA:13,0,0,0
BRDA:18,1,0,0
BRDA:18,1,1,0
BRDA:27,2,0,0
BRDA:27,2,1,0
BRDA:27,3,0,0
BRDA:27,3,1,0
BRDA:38,4,0,1
BRDA:38,4,1,15
BRDA:38,5,0,16
BRDA:38,5,1,15
BRDA:52,6,0,0
BRF:12
BRH:4
end_of_record
TN:
SF:nodes/OnOffice/utils/parameterExtraction.ts
FN:3,extractString
FN:17,extractNumber
FN:31,extractBoolean
FN:45,extractStringArray
FN:57,(anonymous_4)
FN:62,extractObject
FN:78,extractStringOrEmpty
FN:93,extractNumberOrUndefined
FN:106,isString
FN:110,isNumber
FN:114,isBoolean
FN:118,isArray
FN:122,isObject
FN:126,isStringArray
FN:129,(anonymous_14)
FN:133,isNumberArray
FN:135,(anonymous_16)
FN:139,ensureString
FN:146,ensureNumber
FN:151,ensureBoolean
FN:164,ensureArray
FN:171,ensureObject
FNF:22
FNH:3
FNDA:10,extractString
FNDA:11,extractNumber
FNDA:9,extractBoolean
FNDA:0,extractStringArray
FNDA:0,(anonymous_4)
FNDA:0,extractObject
FNDA:0,extractStringOrEmpty
FNDA:0,extractNumberOrUndefined
FNDA:0,isString
FNDA:0,isNumber
FNDA:0,isBoolean
FNDA:0,isArray
FNDA:0,isObject
FNDA:0,isStringArray
FNDA:0,(anonymous_14)
FNDA:0,isNumberArray
FNDA:0,(anonymous_16)
FNDA:0,ensureString
FNDA:0,ensureNumber
FNDA:0,ensureBoolean
FNDA:0,ensureArray
FNDA:0,ensureObject
DA:3,1
DA:9,10
DA:14,10
DA:17,1
DA:23,11
DA:28,11
DA:31,1
DA:37,9
DA:42,9
DA:45,1
DA:51,0
DA:56,0
DA:57,0
DA:59,0
DA:62,1
DA:68,0
DA:73,0
DA:78,1
DA:83,0
DA:84,0
DA:85,0
DA:87,0
DA:88,0
DA:90,0
DA:93,1
DA:98,0
DA:99,0
DA:100,0
DA:102,0
DA:103,0
DA:106,1
DA:107,0
DA:110,1
DA:111,0
DA:114,1
DA:115,0
DA:118,1
DA:119,0
DA:122,1
DA:123,0
DA:126,1
DA:127,0
DA:129,0
DA:133,1
DA:134,0
DA:135,0
DA:139,1
DA:143,0
DA:146,1
DA:147,0
DA:148,0
DA:151,1
DA:155,0
DA:156,0
DA:158,0
DA:159,0
DA:161,0
DA:164,1
DA:168,0
DA:171,1
DA:175,0
LF:61
LH:25
BRDA:7,0,0,0
BRDA:14,1,0,7
BRDA:14,1,1,3
BRDA:21,2,0,0
BRDA:28,3,0,6
BRDA:28,3,1,5
BRDA:35,4,0,0
BRDA:49,5,0,0
BRDA:56,6,0,0
BRDA:56,6,1,0
BRDA:57,7,0,0
BRDA:57,7,1,0
BRDA:66,8,0,0
BRDA:73,9,0,0
BRDA:73,9,1,0
BRDA:73,10,0,0
BRDA:73,10,1,0
BRDA:84,11,0,0
BRDA:84,11,1,0
BRDA:87,12,0,0
BRDA:87,12,1,0
BRDA:87,13,0,0
BRDA:87,13,1,0
BRDA:99,14,0,0
BRDA:99,14,1,0
BRDA:99,15,0,0
BRDA:99,15,1,0
BRDA:103,16,0,0
BRDA:103,16,1,0
BRDA:111,17,0,0
BRDA:111,17,1,0
BRDA:123,18,0,0
BRDA:123,18,1,0
BRDA:123,18,2,0
BRDA:128,19,0,0
BRDA:128,19,1,0
BRDA:129,20,0,0
BRDA:129,20,1,0
BRDA:135,21,0,0
BRDA:135,21,1,0
BRDA:141,22,0,0
BRDA:143,23,0,0
BRDA:143,23,1,0
BRDA:146,24,0,0
BRDA:148,25,0,0
BRDA:148,25,1,0
BRDA:153,26,0,0
BRDA:155,27,0,0
BRDA:155,27,1,0
BRDA:158,28,0,0
BRDA:158,28,1,0
BRDA:166,29,0,0
BRDA:168,30,0,0
BRDA:168,30,1,0
BRDA:173,31,0,0
BRDA:175,32,0,0
BRDA:175,32,1,0
BRF:57
BRH:4
end_of_record
TN:
SF:nodes/OnOffice/utils/registerActions.ts
FN:20,registerAllActions
FNF:1
FNH:0
FNDA:0,registerAllActions
DA:1,0
DA:3,0
DA:4,0
DA:6,0
DA:8,0
DA:9,0
DA:10,0
DA:12,0
DA:14,0
DA:16,0
DA:18,0
DA:20,0
DA:21,0
DA:22,0
DA:24,0
DA:26,0
DA:27,0
DA:28,0
DA:30,0
DA:32,0
DA:34,0
DA:36,0
LF:22
LH:0
BRF:0
BRH:0
end_of_record
TN:
SF:nodes/OnOffice/utils/relationTypes.ts
FN:4,getRelationTypeOptions
FNF:1
FNH:1
FNDA:14,getRelationTypeOptions
DA:2,1
DA:4,1
DA:5,14
DA:7,14
DA:8,238
DA:9,868
DA:17,14
LF:7
LH:7
BRF:0
BRH:0
end_of_record
TN:
SF:nodes/OnOffice/utils/responseHandler.ts
FN:4,extractResponseData
FN:38,checkForApiErrors
FN:63,isApiResponseSuccess
FN:67,getApiResponseError
FNF:4
FNH:4
FNDA:6,extractResponseData
FNDA:4,checkForApiErrors
FNDA:3,isApiResponseSuccess
FNDA:5,getApiResponseError
DA:4,1
DA:7,6
DA:8,2
DA:11,4
DA:13,3
DA:14,3
DA:16,3
DA:17,0
DA:20,3
DA:21,3
DA:24,0
DA:25,0
DA:26,0
DA:27,0
DA:28,0
DA:29,0
DA:32,0
DA:35,0
DA:39,4
DA:40,0
DA:43,4
DA:44,1
DA:45,1
DA:50,3
DA:51,3
DA:52,3
DA:53,0
DA:55,0
DA:63,1
DA:64,3
DA:67,1
DA:70,5
DA:71,2
DA:74,3
DA:75,1
DA:78,2
DA:79,1
DA:82,1
LF:38
LH:26
BRDA:7,0,0,2
BRDA:7,0,1,4
BRDA:13,1,0,3
BRDA:13,1,1,0
BRDA:13,2,0,3
BRDA:13,2,1,3
BRDA:13,3,0,0
BRDA:13,3,1,3
BRDA:13,4,0,3
BRDA:13,4,1,3
BRDA:16,5,0,0
BRDA:16,5,1,3
BRDA:20,6,0,3
BRDA:20,6,1,0
BRDA:20,7,0,3
BRDA:20,7,1,3
BRDA:26,8,0,0
BRDA:26,8,1,0
BRDA:26,9,0,0
BRDA:26,9,1,0
BRDA:28,10,0,0
BRDA:28,10,1,0
BRDA:32,11,0,0
BRDA:32,11,1,0
BRDA:39,12,0,0
BRDA:39,12,1,4
BRDA:43,13,0,1
BRDA:43,13,1,3
BRDA:43,14,0,4
BRDA:43,14,1,1
BRDA:43,15,0,0
BRDA:43,15,1,4
BRDA:43,16,0,4
BRDA:43,16,1,4
BRDA:44,17,0,1
BRDA:44,17,1,0
BRDA:50,18,0,3
BRDA:50,18,1,0
BRDA:50,19,0,3
BRDA:50,19,1,3
BRDA:50,20,0,0
BRDA:50,20,1,3
BRDA:50,21,0,3
BRDA:50,21,1,3
BRDA:52,22,0,0
BRDA:52,22,1,3
BRDA:52,23,0,3
BRDA:52,23,1,0
BRDA:52,24,0,0
BRDA:52,24,1,3
BRDA:52,25,0,3
BRDA:52,25,1,3
BRDA:53,26,0,0
BRDA:53,26,1,0
BRDA:64,27,0,3
BRDA:64,27,1,1
BRDA:64,28,0,0
BRDA:64,28,1,3
BRDA:64,29,0,3
BRDA:64,29,1,3
BRDA:70,30,0,2
BRDA:70,30,1,3
BRDA:70,31,0,5
BRDA:70,31,1,2
BRDA:70,32,0,0
BRDA:70,32,1,5
BRDA:70,33,0,5
BRDA:70,33,1,5
BRDA:71,34,0,2
BRDA:71,34,1,0
BRDA:74,35,0,1
BRDA:74,35,1,2
BRDA:74,36,0,3
BRDA:74,36,1,1
BRDA:78,37,0,1
BRDA:78,37,1,1
BRF:76
BRH:51
end_of_record
TN:
SF:nodes/OnOffice/utils/router.ts
FN:12,router
FNF:1
FNH:0
FNDA:0,router
DA:7,0
DA:8,0
DA:10,0
DA:12,0
DA:15,0
DA:16,0
DA:18,0
DA:19,0
DA:20,0
DA:22,0
DA:24,0
DA:26,0
DA:29,0
LF:13
LH:0
BRF:0
BRH:0
end_of_record
TN:
SF:nodes/OnOffice/utils/types.ts
FNF:0
FNH:0
DA:157,1
LF:1
LH:1
BRF:0
BRH:0
end_of_record
